This file contains any messages produced by compilers while
running configure, to aid debugging if configure makes a mistake.

It was created by Ogonkify configure 0.7.0, which was
generated by GNU Autoconf 2.61.  Invocation command line was

  $ ./configure --prefix=/usr/local CC=/home/juneyoung.lee/llvm-prototypes/llvm-install-3.7.0/bin/clang CFLAGS=-save-temps --cache-file=/dev/null --srcdir=.

## --------- ##
## Platform. ##
## --------- ##

hostname = cn03.sf.lan
uname -m = x86_64
uname -r = 3.10.0-327.28.3.el7.x86_64
uname -s = Linux
uname -v = #1 SMP Thu Aug 18 19:05:49 UTC 2016

/usr/bin/uname -p = x86_64
/bin/uname -X     = unknown

/bin/arch              = x86_64
/usr/bin/arch -k       = unknown
/usr/convex/getsysinfo = unknown
/usr/bin/hostinfo      = unknown
/bin/machine           = unknown
/usr/bin/oslevel       = unknown
/bin/universe          = unknown

PATH: /home/yonghyun.kim/.opam/4.02.3/bin
PATH: /usr/local/rvm/gems/ruby-2.2.0/bin
PATH: /usr/local/rvm/gems/ruby-2.2.0@global/bin
PATH: /usr/local/rvm/rubies/ruby-2.2.0/bin
PATH: /usr/lib64/qt-3.3/bin
PATH: /usr/local/bin
PATH: /usr/bin
PATH: /usr/local/sbin
PATH: /usr/sbin
PATH: /usr/local/rvm/bin
PATH: /home/yonghyun.kim/.local/bin
PATH: /home/yonghyun.kim/bin
PATH: /home/youngju.song/scala_related/scala-2.11.6/bin
PATH: /home/youngju.song/scala_related/java_1.8/jdk1.8.0_65/bin


## ----------- ##
## Core tests. ##
## ----------- ##

configure:1746: checking for a BSD-compatible install
configure:1802: result: /usr/bin/install -c
configure:1813: checking whether build environment is sane
configure:1856: result: yes
configure:1921: checking for gawk
configure:1937: found /usr/bin/gawk
configure:1948: result: gawk
configure:1959: checking whether make sets $(MAKE)
configure:1980: result: yes
configure:2203: checking for perl
configure:2221: found /usr/bin/perl
configure:2234: result: /usr/bin/perl
configure:2299: checking for style of include used by make
configure:2327: result: GNU
configure:2400: checking for gcc
configure:2427: result: /home/juneyoung.lee/llvm-prototypes/llvm-install-3.7.0/bin/clang
configure:2665: checking for C compiler version
configure:2672: /home/juneyoung.lee/llvm-prototypes/llvm-install-3.7.0/bin/clang --version >&5
clang version 3.7.0 (tags/RELEASE_370/final)
Target: x86_64-unknown-linux-gnu
Thread model: posix
configure:2675: $? = 0
configure:2682: /home/juneyoung.lee/llvm-prototypes/llvm-install-3.7.0/bin/clang -v >&5
clang version 3.7.0 (tags/RELEASE_370/final)
Target: x86_64-unknown-linux-gnu
Thread model: posix
Found candidate GCC installation: /usr/lib/gcc/x86_64-redhat-linux/4.8.2
Found candidate GCC installation: /usr/lib/gcc/x86_64-redhat-linux/4.8.5
Selected GCC installation: /usr/lib/gcc/x86_64-redhat-linux/4.8.5
Candidate multilib: .;@m64
Candidate multilib: 32;@m32
Selected multilib: .;@m64
configure:2685: $? = 0
configure:2692: /home/juneyoung.lee/llvm-prototypes/llvm-install-3.7.0/bin/clang -V >&5
clang: error: argument to '-V' is missing (expected 1 value)
clang: error: no input files
configure:2695: $? = 1
configure:2718: checking for C compiler default output file name
configure:2745: /home/juneyoung.lee/llvm-prototypes/llvm-install-3.7.0/bin/clang -save-temps   conftest.c  >&5
configure:2748: $? = 0
configure:2786: result: a.out
configure:2803: checking whether the C compiler works
configure:2813: ./a.out
configure:2816: $? = 0
configure:2833: result: yes
configure:2840: checking whether we are cross compiling
configure:2842: result: no
configure:2845: checking for suffix of executables
configure:2852: /home/juneyoung.lee/llvm-prototypes/llvm-install-3.7.0/bin/clang -o conftest -save-temps   conftest.c  >&5
configure:2855: $? = 0
configure:2879: result: 
configure:2885: checking for suffix of object files
configure:2911: /home/juneyoung.lee/llvm-prototypes/llvm-install-3.7.0/bin/clang -c -save-temps  conftest.c >&5
configure:2914: $? = 0
configure:2937: result: o
configure:2941: checking whether we are using the GNU C compiler
configure:2970: /home/juneyoung.lee/llvm-prototypes/llvm-install-3.7.0/bin/clang -c -save-temps  conftest.c >&5
configure:2976: $? = 0
configure:2993: result: yes
configure:2998: checking whether /home/juneyoung.lee/llvm-prototypes/llvm-install-3.7.0/bin/clang accepts -g
configure:3028: /home/juneyoung.lee/llvm-prototypes/llvm-install-3.7.0/bin/clang -c -g  conftest.c >&5
configure:3034: $? = 0
configure:3133: result: yes
configure:3150: checking for /home/juneyoung.lee/llvm-prototypes/llvm-install-3.7.0/bin/clang option to accept ISO C89
configure:3224: /home/juneyoung.lee/llvm-prototypes/llvm-install-3.7.0/bin/clang  -c -save-temps  conftest.c >&5
configure:3230: $? = 0
configure:3253: result: none needed
configure:3273: checking dependency style of /home/juneyoung.lee/llvm-prototypes/llvm-install-3.7.0/bin/clang
configure:3363: result: gcc3
configure:3386: checking how to run the C preprocessor
configure:3426: /home/juneyoung.lee/llvm-prototypes/llvm-install-3.7.0/bin/clang -E  conftest.c
configure:3432: $? = 0
configure:3463: /home/juneyoung.lee/llvm-prototypes/llvm-install-3.7.0/bin/clang -E  conftest.c
conftest.c:10:10: fatal error: 'ac_nonexistent.h' file not found
#include <ac_nonexistent.h>
         ^
1 error generated.
configure:3469: $? = 1
configure: failed program was:
| /* confdefs.h.  */
| #define PACKAGE_NAME "Ogonkify"
| #define PACKAGE_TARNAME "ogonkify"
| #define PACKAGE_VERSION "0.7.0"
| #define PACKAGE_STRING "Ogonkify 0.7.0"
| #define PACKAGE_BUGREPORT ""
| #define PACKAGE "ogonkify"
| #define VERSION "0.7.0"
| /* end confdefs.h.  */
| #include <ac_nonexistent.h>
configure:3502: result: /home/juneyoung.lee/llvm-prototypes/llvm-install-3.7.0/bin/clang -E
configure:3531: /home/juneyoung.lee/llvm-prototypes/llvm-install-3.7.0/bin/clang -E  conftest.c
configure:3537: $? = 0
configure:3568: /home/juneyoung.lee/llvm-prototypes/llvm-install-3.7.0/bin/clang -E  conftest.c
conftest.c:10:10: fatal error: 'ac_nonexistent.h' file not found
#include <ac_nonexistent.h>
         ^
1 error generated.
configure:3574: $? = 1
configure: failed program was:
| /* confdefs.h.  */
| #define PACKAGE_NAME "Ogonkify"
| #define PACKAGE_TARNAME "ogonkify"
| #define PACKAGE_VERSION "0.7.0"
| #define PACKAGE_STRING "Ogonkify 0.7.0"
| #define PACKAGE_BUGREPORT ""
| #define PACKAGE "ogonkify"
| #define VERSION "0.7.0"
| /* end confdefs.h.  */
| #include <ac_nonexistent.h>
configure:3612: checking for X
configure:3727: /home/juneyoung.lee/llvm-prototypes/llvm-install-3.7.0/bin/clang -E  conftest.c
configure:3733: $? = 0
configure:3782: /home/juneyoung.lee/llvm-prototypes/llvm-install-3.7.0/bin/clang -o conftest -save-temps   conftest.c -lX11  >&5
configure:3788: $? = 0
configure:3847: result: libraries , headers 
configure:3851: checking for IBM font files
configure:3871: result: no
configure:4030: creating ./config.status

## ---------------------- ##
## Running config.status. ##
## ---------------------- ##

This file was extended by Ogonkify config.status 0.7.0, which was
generated by GNU Autoconf 2.61.  Invocation command line was

  CONFIG_FILES    = 
  CONFIG_HEADERS  = 
  CONFIG_LINKS    = 
  CONFIG_COMMANDS = 
  $ ./config.status 

on cn03.sf.lan

config.status:623: creating composeglyphs
config.status:623: creating Makefile
config.status:623: creating ogonkify.in
config.status:623: creating doc/Makefile
config.status:623: creating m4/Makefile
config.status:808: executing depfiles commands

## ---------------- ##
## Cache variables. ##
## ---------------- ##

ac_cv_c_compiler_gnu=yes
ac_cv_env_CC_set=set
ac_cv_env_CC_value=/home/juneyoung.lee/llvm-prototypes/llvm-install-3.7.0/bin/clang
ac_cv_env_CFLAGS_set=set
ac_cv_env_CFLAGS_value=-save-temps
ac_cv_env_CPPFLAGS_set=
ac_cv_env_CPPFLAGS_value=
ac_cv_env_CPP_set=
ac_cv_env_CPP_value=
ac_cv_env_LDFLAGS_set=
ac_cv_env_LDFLAGS_value=
ac_cv_env_LIBS_set=
ac_cv_env_LIBS_value=
ac_cv_env_XMKMF_set=
ac_cv_env_XMKMF_value=
ac_cv_env_build_alias_set=
ac_cv_env_build_alias_value=
ac_cv_env_host_alias_set=
ac_cv_env_host_alias_value=
ac_cv_env_target_alias_set=
ac_cv_env_target_alias_value=
ac_cv_have_x='have_x=yes	ac_x_includes='\'''\''	ac_x_libraries='\'''\'''
ac_cv_objext=o
ac_cv_path_PERL=/usr/bin/perl
ac_cv_path_install='/usr/bin/install -c'
ac_cv_prog_AWK=gawk
ac_cv_prog_CPP='/home/juneyoung.lee/llvm-prototypes/llvm-install-3.7.0/bin/clang -E'
ac_cv_prog_ac_ct_CC=/home/juneyoung.lee/llvm-prototypes/llvm-install-3.7.0/bin/clang
ac_cv_prog_cc_c89=
ac_cv_prog_cc_g=yes
ac_cv_prog_make_make_set=yes
am_cv_CC_dependencies_compiler_type=gcc3

## ----------------- ##
## Output variables. ##
## ----------------- ##

ACLOCAL='${SHELL} /home/yonghyun.kim/clean-tests/clean-a2ps/a2ps-4.14/auxdir/missing --run aclocal-1.9'
AMDEPBACKSLASH='\'
AMDEP_FALSE='#'
AMDEP_TRUE=''
AMTAR='${SHELL} /home/yonghyun.kim/clean-tests/clean-a2ps/a2ps-4.14/auxdir/missing --run tar'
AUTOCONF='${SHELL} /home/yonghyun.kim/clean-tests/clean-a2ps/a2ps-4.14/auxdir/missing --run autoconf'
AUTOHEADER='${SHELL} /home/yonghyun.kim/clean-tests/clean-a2ps/a2ps-4.14/auxdir/missing --run autoheader'
AUTOMAKE='${SHELL} /home/yonghyun.kim/clean-tests/clean-a2ps/a2ps-4.14/auxdir/missing --run automake-1.9'
AWK='gawk'
CC='/home/juneyoung.lee/llvm-prototypes/llvm-install-3.7.0/bin/clang'
CCDEPMODE='depmode=gcc3'
CFLAGS='-save-temps'
CPP='/home/juneyoung.lee/llvm-prototypes/llvm-install-3.7.0/bin/clang -E'
CPPFLAGS=''
CYGPATH_W='echo'
DEFS='-DPACKAGE_NAME=\"Ogonkify\" -DPACKAGE_TARNAME=\"ogonkify\" -DPACKAGE_VERSION=\"0.7.0\" -DPACKAGE_STRING=\"Ogonkify\ 0.7.0\" -DPACKAGE_BUGREPORT=\"\" -DPACKAGE=\"ogonkify\" -DVERSION=\"0.7.0\"'
DEPDIR='.deps'
ECHO_C=''
ECHO_N='-n'
ECHO_T=''
EXEEXT=''
EXTENSIONS_FALSE='#'
EXTENSIONS_TRUE=''
IBMFONTS=''
INSTALL_DATA='${INSTALL} -m 644'
INSTALL_PROGRAM='${INSTALL}'
INSTALL_SCRIPT='${INSTALL}'
INSTALL_STRIP_PROGRAM='${SHELL} $(install_sh) -c -s'
LDFLAGS=''
LIBOBJS=''
LIBS=''
LTLIBOBJS=''
MAKEINFO='${SHELL} /home/yonghyun.kim/clean-tests/clean-a2ps/a2ps-4.14/auxdir/missing --run makeinfo'
OBJEXT='o'
PACKAGE='ogonkify'
PACKAGE_BUGREPORT=''
PACKAGE_NAME='Ogonkify'
PACKAGE_STRING='Ogonkify 0.7.0'
PACKAGE_TARNAME='ogonkify'
PACKAGE_VERSION='0.7.0'
PATH_SEPARATOR=':'
PERL='/usr/bin/perl'
SET_MAKE=''
SHELL='/bin/sh'
STRIP=''
VERSION='0.7.0'
XMKMF=''
ac_ct_CC='/home/juneyoung.lee/llvm-prototypes/llvm-install-3.7.0/bin/clang'
am__fastdepCC_FALSE='#'
am__fastdepCC_TRUE=''
am__include='include'
am__leading_dot='.'
am__quote=''
am__tar='${AMTAR} chof - "$$tardir"'
am__untar='${AMTAR} xf -'
bindir='${exec_prefix}/bin'
build_alias=''
datadir='${datarootdir}'
datarootdir='${prefix}/share'
docdir='${datarootdir}/doc/${PACKAGE_TARNAME}'
dvidir='${docdir}'
exec_prefix='${prefix}'
host_alias=''
htmldir='${docdir}'
includedir='${prefix}/include'
infodir='${datarootdir}/info'
install_sh='/home/yonghyun.kim/clean-tests/clean-a2ps/a2ps-4.14/auxdir/install-sh'
libdir='${exec_prefix}/lib'
libexecdir='${exec_prefix}/libexec'
localedir='${datarootdir}/locale'
localstatedir='${prefix}/var'
mandir='${datarootdir}/man'
mkdir_p='mkdir -p --'
oldincludedir='/usr/include'
pdfdir='${docdir}'
prefix='/usr/local'
program_transform_name='s,x,x,'
psdir='${docdir}'
sbindir='${exec_prefix}/sbin'
sharedstatedir='${prefix}/com'
sysconfdir='${prefix}/etc'
target_alias=''

## ----------- ##
## confdefs.h. ##
## ----------- ##

#define PACKAGE_NAME "Ogonkify"
#define PACKAGE_TARNAME "ogonkify"
#define PACKAGE_VERSION "0.7.0"
#define PACKAGE_STRING "Ogonkify 0.7.0"
#define PACKAGE_BUGREPORT ""
#define PACKAGE "ogonkify"
#define VERSION "0.7.0"

configure: exit 0
