This file contains any messages produced by compilers while
running configure, to aid debugging if configure makes a mistake.

It was created by GNU a2ps configure 4.14, which was
generated by GNU Autoconf 2.61.  Invocation command line was

  $ ./configure CC=/home/juneyoung.lee/llvm-prototypes/llvm-install-3.7.0/bin/clang CFLAGS=-save-temps

## --------- ##
## Platform. ##
## --------- ##

hostname = cn03.sf.lan
uname -m = x86_64
uname -r = 3.10.0-327.28.3.el7.x86_64
uname -s = Linux
uname -v = #1 SMP Thu Aug 18 19:05:49 UTC 2016

/usr/bin/uname -p = x86_64
/bin/uname -X     = unknown

/bin/arch              = x86_64
/usr/bin/arch -k       = unknown
/usr/convex/getsysinfo = unknown
/usr/bin/hostinfo      = unknown
/bin/machine           = unknown
/usr/bin/oslevel       = unknown
/bin/universe          = unknown

PATH: /home/yonghyun.kim/.opam/4.02.3/bin
PATH: /usr/local/rvm/gems/ruby-2.2.0/bin
PATH: /usr/local/rvm/gems/ruby-2.2.0@global/bin
PATH: /usr/local/rvm/rubies/ruby-2.2.0/bin
PATH: /usr/lib64/qt-3.3/bin
PATH: /usr/local/bin
PATH: /usr/bin
PATH: /usr/local/sbin
PATH: /usr/sbin
PATH: /usr/local/rvm/bin
PATH: /home/yonghyun.kim/.local/bin
PATH: /home/yonghyun.kim/bin
PATH: /home/youngju.song/scala_related/scala-2.11.6/bin
PATH: /home/youngju.song/scala_related/java_1.8/jdk1.8.0_65/bin


## ----------- ##
## Core tests. ##
## ----------- ##

configure:2099: checking for a BSD-compatible install
configure:2155: result: /usr/bin/install -c
configure:2166: checking whether build environment is sane
configure:2209: result: yes
configure:2274: checking for gawk
configure:2290: found /usr/bin/gawk
configure:2301: result: gawk
configure:2312: checking whether make sets $(MAKE)
configure:2333: result: yes
configure:2543: checking for gawk
configure:2570: result: gawk
configure:2585: checking for gm4
configure:2618: result: no
configure:2585: checking for gnum4
configure:2618: result: no
configure:2585: checking for m4
configure:2603: found /usr/bin/m4
configure:2615: result: /usr/bin/m4
configure:2627: checking whether m4 supports frozen files
configure:2639: result: yes
configure:2654: checking for a BSD-compatible install
configure:2710: result: /usr/bin/install -c
configure:2721: checking whether ln -s works
configure:2725: result: yes
configure:2732: checking whether make sets $(MAKE)
configure:2753: result: yes
configure:2778: checking for perl
configure:2796: found /usr/bin/perl
configure:2809: result: /usr/bin/perl
configure:2887: checking for gcc
configure:2914: result: /home/juneyoung.lee/llvm-prototypes/llvm-install-3.7.0/bin/clang
configure:3152: checking for C compiler version
configure:3159: /home/juneyoung.lee/llvm-prototypes/llvm-install-3.7.0/bin/clang --version >&5
clang version 3.7.0 (tags/RELEASE_370/final)
Target: x86_64-unknown-linux-gnu
Thread model: posix
configure:3162: $? = 0
configure:3169: /home/juneyoung.lee/llvm-prototypes/llvm-install-3.7.0/bin/clang -v >&5
clang version 3.7.0 (tags/RELEASE_370/final)
Target: x86_64-unknown-linux-gnu
Thread model: posix
Found candidate GCC installation: /usr/lib/gcc/x86_64-redhat-linux/4.8.2
Found candidate GCC installation: /usr/lib/gcc/x86_64-redhat-linux/4.8.5
Selected GCC installation: /usr/lib/gcc/x86_64-redhat-linux/4.8.5
Candidate multilib: .;@m64
Candidate multilib: 32;@m32
Selected multilib: .;@m64
configure:3172: $? = 0
configure:3179: /home/juneyoung.lee/llvm-prototypes/llvm-install-3.7.0/bin/clang -V >&5
clang: error: argument to '-V' is missing (expected 1 value)
clang: error: no input files
configure:3182: $? = 1
configure:3205: checking for C compiler default output file name
configure:3232: /home/juneyoung.lee/llvm-prototypes/llvm-install-3.7.0/bin/clang -save-temps   conftest.c  >&5
configure:3235: $? = 0
configure:3273: result: a.out
configure:3290: checking whether the C compiler works
configure:3300: ./a.out
configure:3303: $? = 0
configure:3320: result: yes
configure:3327: checking whether we are cross compiling
configure:3329: result: no
configure:3332: checking for suffix of executables
configure:3339: /home/juneyoung.lee/llvm-prototypes/llvm-install-3.7.0/bin/clang -o conftest -save-temps   conftest.c  >&5
configure:3342: $? = 0
configure:3366: result: 
configure:3372: checking for suffix of object files
configure:3398: /home/juneyoung.lee/llvm-prototypes/llvm-install-3.7.0/bin/clang -c -save-temps  conftest.c >&5
configure:3401: $? = 0
configure:3424: result: o
configure:3428: checking whether we are using the GNU C compiler
configure:3457: /home/juneyoung.lee/llvm-prototypes/llvm-install-3.7.0/bin/clang -c -save-temps  conftest.c >&5
configure:3463: $? = 0
configure:3480: result: yes
configure:3485: checking whether /home/juneyoung.lee/llvm-prototypes/llvm-install-3.7.0/bin/clang accepts -g
configure:3515: /home/juneyoung.lee/llvm-prototypes/llvm-install-3.7.0/bin/clang -c -g  conftest.c >&5
configure:3521: $? = 0
configure:3620: result: yes
configure:3637: checking for /home/juneyoung.lee/llvm-prototypes/llvm-install-3.7.0/bin/clang option to accept ISO C89
configure:3711: /home/juneyoung.lee/llvm-prototypes/llvm-install-3.7.0/bin/clang  -c -save-temps  conftest.c >&5
configure:3717: $? = 0
configure:3740: result: none needed
configure:3769: checking for style of include used by make
configure:3797: result: GNU
configure:3825: checking dependency style of /home/juneyoung.lee/llvm-prototypes/llvm-install-3.7.0/bin/clang
configure:3915: result: gcc3
configure:3938: checking how to run the C preprocessor
configure:3978: /home/juneyoung.lee/llvm-prototypes/llvm-install-3.7.0/bin/clang -E  conftest.c
configure:3984: $? = 0
configure:4015: /home/juneyoung.lee/llvm-prototypes/llvm-install-3.7.0/bin/clang -E  conftest.c
conftest.c:11:10: fatal error: 'ac_nonexistent.h' file not found
#include <ac_nonexistent.h>
         ^
1 error generated.
configure:4021: $? = 1
configure: failed program was:
| /* confdefs.h.  */
| #define PACKAGE_NAME "GNU a2ps"
| #define PACKAGE_TARNAME "a2ps"
| #define PACKAGE_VERSION "4.14"
| #define PACKAGE_STRING "GNU a2ps 4.14"
| #define PACKAGE_BUGREPORT "bug-a2ps@gnu.org"
| #define PACKAGE "a2ps"
| #define VERSION "4.14"
| #define GNU_PACKAGE "GNU a2ps"
| /* end confdefs.h.  */
| #include <ac_nonexistent.h>
configure:4054: result: /home/juneyoung.lee/llvm-prototypes/llvm-install-3.7.0/bin/clang -E
configure:4083: /home/juneyoung.lee/llvm-prototypes/llvm-install-3.7.0/bin/clang -E  conftest.c
configure:4089: $? = 0
configure:4120: /home/juneyoung.lee/llvm-prototypes/llvm-install-3.7.0/bin/clang -E  conftest.c
conftest.c:11:10: fatal error: 'ac_nonexistent.h' file not found
#include <ac_nonexistent.h>
         ^
1 error generated.
configure:4126: $? = 1
configure: failed program was:
| /* confdefs.h.  */
| #define PACKAGE_NAME "GNU a2ps"
| #define PACKAGE_TARNAME "a2ps"
| #define PACKAGE_VERSION "4.14"
| #define PACKAGE_STRING "GNU a2ps 4.14"
| #define PACKAGE_BUGREPORT "bug-a2ps@gnu.org"
| #define PACKAGE "a2ps"
| #define VERSION "4.14"
| #define GNU_PACKAGE "GNU a2ps"
| /* end confdefs.h.  */
| #include <ac_nonexistent.h>
configure:4164: checking for grep that handles long lines and -e
configure:4238: result: /usr/bin/grep
configure:4243: checking for egrep
configure:4321: result: /usr/bin/grep -E
configure:4327: checking for AIX
configure:4349: result: no
configure:4355: checking for ANSI C header files
configure:4385: /home/juneyoung.lee/llvm-prototypes/llvm-install-3.7.0/bin/clang -c -save-temps  conftest.c >&5
configure:4391: $? = 0
configure:4490: /home/juneyoung.lee/llvm-prototypes/llvm-install-3.7.0/bin/clang -o conftest -save-temps   conftest.c  >&5
configure:4493: $? = 0
configure:4499: ./conftest
configure:4502: $? = 0
configure:4519: result: yes
configure:4543: checking for sys/types.h
configure:4564: /home/juneyoung.lee/llvm-prototypes/llvm-install-3.7.0/bin/clang -c -save-temps  conftest.c >&5
configure:4570: $? = 0
configure:4586: result: yes
configure:4543: checking for sys/stat.h
configure:4564: /home/juneyoung.lee/llvm-prototypes/llvm-install-3.7.0/bin/clang -c -save-temps  conftest.c >&5
configure:4570: $? = 0
configure:4586: result: yes
configure:4543: checking for stdlib.h
configure:4564: /home/juneyoung.lee/llvm-prototypes/llvm-install-3.7.0/bin/clang -c -save-temps  conftest.c >&5
configure:4570: $? = 0
configure:4586: result: yes
configure:4543: checking for string.h
configure:4564: /home/juneyoung.lee/llvm-prototypes/llvm-install-3.7.0/bin/clang -c -save-temps  conftest.c >&5
configure:4570: $? = 0
configure:4586: result: yes
configure:4543: checking for memory.h
configure:4564: /home/juneyoung.lee/llvm-prototypes/llvm-install-3.7.0/bin/clang -c -save-temps  conftest.c >&5
configure:4570: $? = 0
configure:4586: result: yes
configure:4543: checking for strings.h
configure:4564: /home/juneyoung.lee/llvm-prototypes/llvm-install-3.7.0/bin/clang -c -save-temps  conftest.c >&5
configure:4570: $? = 0
configure:4586: result: yes
configure:4543: checking for inttypes.h
configure:4564: /home/juneyoung.lee/llvm-prototypes/llvm-install-3.7.0/bin/clang -c -save-temps  conftest.c >&5
configure:4570: $? = 0
configure:4586: result: yes
configure:4543: checking for stdint.h
configure:4564: /home/juneyoung.lee/llvm-prototypes/llvm-install-3.7.0/bin/clang -c -save-temps  conftest.c >&5
configure:4570: $? = 0
configure:4586: result: yes
configure:4543: checking for unistd.h
configure:4564: /home/juneyoung.lee/llvm-prototypes/llvm-install-3.7.0/bin/clang -c -save-temps  conftest.c >&5
configure:4570: $? = 0
configure:4586: result: yes
configure:4608: checking minix/config.h usability
configure:4625: /home/juneyoung.lee/llvm-prototypes/llvm-install-3.7.0/bin/clang -c -save-temps  conftest.c >&5
conftest.c:54:10: fatal error: 'minix/config.h' file not found
#include <minix/config.h>
         ^
1 error generated.
configure:4631: $? = 1
configure: failed program was:
| /* confdefs.h.  */
| #define PACKAGE_NAME "GNU a2ps"
| #define PACKAGE_TARNAME "a2ps"
| #define PACKAGE_VERSION "4.14"
| #define PACKAGE_STRING "GNU a2ps 4.14"
| #define PACKAGE_BUGREPORT "bug-a2ps@gnu.org"
| #define PACKAGE "a2ps"
| #define VERSION "4.14"
| #define GNU_PACKAGE "GNU a2ps"
| #define STDC_HEADERS 1
| #define HAVE_SYS_TYPES_H 1
| #define HAVE_SYS_STAT_H 1
| #define HAVE_STDLIB_H 1
| #define HAVE_STRING_H 1
| #define HAVE_MEMORY_H 1
| #define HAVE_STRINGS_H 1
| #define HAVE_INTTYPES_H 1
| #define HAVE_STDINT_H 1
| #define HAVE_UNISTD_H 1
| /* end confdefs.h.  */
| #include <stdio.h>
| #ifdef HAVE_SYS_TYPES_H
| # include <sys/types.h>
| #endif
| #ifdef HAVE_SYS_STAT_H
| # include <sys/stat.h>
| #endif
| #ifdef STDC_HEADERS
| # include <stdlib.h>
| # include <stddef.h>
| #else
| # ifdef HAVE_STDLIB_H
| #  include <stdlib.h>
| # endif
| #endif
| #ifdef HAVE_STRING_H
| # if !defined STDC_HEADERS && defined HAVE_MEMORY_H
| #  include <memory.h>
| # endif
| # include <string.h>
| #endif
| #ifdef HAVE_STRINGS_H
| # include <strings.h>
| #endif
| #ifdef HAVE_INTTYPES_H
| # include <inttypes.h>
| #endif
| #ifdef HAVE_STDINT_H
| # include <stdint.h>
| #endif
| #ifdef HAVE_UNISTD_H
| # include <unistd.h>
| #endif
| #include <minix/config.h>
configure:4645: result: no
configure:4649: checking minix/config.h presence
configure:4664: /home/juneyoung.lee/llvm-prototypes/llvm-install-3.7.0/bin/clang -E  conftest.c
conftest.c:21:10: fatal error: 'minix/config.h' file not found
#include <minix/config.h>
         ^
1 error generated.
configure:4670: $? = 1
configure: failed program was:
| /* confdefs.h.  */
| #define PACKAGE_NAME "GNU a2ps"
| #define PACKAGE_TARNAME "a2ps"
| #define PACKAGE_VERSION "4.14"
| #define PACKAGE_STRING "GNU a2ps 4.14"
| #define PACKAGE_BUGREPORT "bug-a2ps@gnu.org"
| #define PACKAGE "a2ps"
| #define VERSION "4.14"
| #define GNU_PACKAGE "GNU a2ps"
| #define STDC_HEADERS 1
| #define HAVE_SYS_TYPES_H 1
| #define HAVE_SYS_STAT_H 1
| #define HAVE_STDLIB_H 1
| #define HAVE_STRING_H 1
| #define HAVE_MEMORY_H 1
| #define HAVE_STRINGS_H 1
| #define HAVE_INTTYPES_H 1
| #define HAVE_STDINT_H 1
| #define HAVE_UNISTD_H 1
| /* end confdefs.h.  */
| #include <minix/config.h>
configure:4684: result: no
configure:4717: checking for minix/config.h
configure:4724: result: no
configure:4754: checking for strerror in -lcposix
configure:4789: /home/juneyoung.lee/llvm-prototypes/llvm-install-3.7.0/bin/clang -o conftest -save-temps   conftest.c -lcposix   >&5
conftest.c:28:6: warning: incompatible redeclaration of library function 'strerror' [-Wincompatible-library-redeclaration]
char strerror ();
     ^
conftest.c:28:6: note: 'strerror' is a builtin with type 'char *(int)'
1 warning generated.
/usr/bin/ld: cannot find -lcposix
clang: error: linker command failed with exit code 1 (use -v to see invocation)
configure:4795: $? = 1
configure: failed program was:
| /* confdefs.h.  */
| #define PACKAGE_NAME "GNU a2ps"
| #define PACKAGE_TARNAME "a2ps"
| #define PACKAGE_VERSION "4.14"
| #define PACKAGE_STRING "GNU a2ps 4.14"
| #define PACKAGE_BUGREPORT "bug-a2ps@gnu.org"
| #define PACKAGE "a2ps"
| #define VERSION "4.14"
| #define GNU_PACKAGE "GNU a2ps"
| #define STDC_HEADERS 1
| #define HAVE_SYS_TYPES_H 1
| #define HAVE_SYS_STAT_H 1
| #define HAVE_STDLIB_H 1
| #define HAVE_STRING_H 1
| #define HAVE_MEMORY_H 1
| #define HAVE_STRINGS_H 1
| #define HAVE_INTTYPES_H 1
| #define HAVE_STDINT_H 1
| #define HAVE_UNISTD_H 1
| /* end confdefs.h.  */
| 
| /* Override any GCC internal prototype to avoid an error.
|    Use char because int might match the return type of a GCC
|    builtin and then its argument prototype would still apply.  */
| #ifdef __cplusplus
| extern "C"
| #endif
| char strerror ();
| int
| main ()
| {
| return strerror ();
|   ;
|   return 0;
| }
configure:4813: result: no
configure:4826: checking how to run the C preprocessor
configure:4942: result: /home/juneyoung.lee/llvm-prototypes/llvm-install-3.7.0/bin/clang -E
configure:4971: /home/juneyoung.lee/llvm-prototypes/llvm-install-3.7.0/bin/clang -E  conftest.c
configure:4977: $? = 0
configure:5008: /home/juneyoung.lee/llvm-prototypes/llvm-install-3.7.0/bin/clang -E  conftest.c
conftest.c:21:10: fatal error: 'ac_nonexistent.h' file not found
#include <ac_nonexistent.h>
         ^
1 error generated.
configure:5014: $? = 1
configure: failed program was:
| /* confdefs.h.  */
| #define PACKAGE_NAME "GNU a2ps"
| #define PACKAGE_TARNAME "a2ps"
| #define PACKAGE_VERSION "4.14"
| #define PACKAGE_STRING "GNU a2ps 4.14"
| #define PACKAGE_BUGREPORT "bug-a2ps@gnu.org"
| #define PACKAGE "a2ps"
| #define VERSION "4.14"
| #define GNU_PACKAGE "GNU a2ps"
| #define STDC_HEADERS 1
| #define HAVE_SYS_TYPES_H 1
| #define HAVE_SYS_STAT_H 1
| #define HAVE_STDLIB_H 1
| #define HAVE_STRING_H 1
| #define HAVE_MEMORY_H 1
| #define HAVE_STRINGS_H 1
| #define HAVE_INTTYPES_H 1
| #define HAVE_STDINT_H 1
| #define HAVE_UNISTD_H 1
| /* end confdefs.h.  */
| #include <ac_nonexistent.h>
configure:5099: checking for gcc
configure:5126: result: /home/juneyoung.lee/llvm-prototypes/llvm-install-3.7.0/bin/clang
configure:5364: checking for C compiler version
configure:5371: /home/juneyoung.lee/llvm-prototypes/llvm-install-3.7.0/bin/clang --version >&5
clang version 3.7.0 (tags/RELEASE_370/final)
Target: x86_64-unknown-linux-gnu
Thread model: posix
configure:5374: $? = 0
configure:5381: /home/juneyoung.lee/llvm-prototypes/llvm-install-3.7.0/bin/clang -v >&5
clang version 3.7.0 (tags/RELEASE_370/final)
Target: x86_64-unknown-linux-gnu
Thread model: posix
Found candidate GCC installation: /usr/lib/gcc/x86_64-redhat-linux/4.8.2
Found candidate GCC installation: /usr/lib/gcc/x86_64-redhat-linux/4.8.5
Selected GCC installation: /usr/lib/gcc/x86_64-redhat-linux/4.8.5
Candidate multilib: .;@m64
Candidate multilib: 32;@m32
Selected multilib: .;@m64
configure:5384: $? = 0
configure:5391: /home/juneyoung.lee/llvm-prototypes/llvm-install-3.7.0/bin/clang -V >&5
clang: error: argument to '-V' is missing (expected 1 value)
clang: error: no input files
configure:5394: $? = 1
configure:5397: checking whether we are using the GNU C compiler
configure:5449: result: yes
configure:5454: checking whether /home/juneyoung.lee/llvm-prototypes/llvm-install-3.7.0/bin/clang accepts -g
configure:5589: result: yes
configure:5606: checking for /home/juneyoung.lee/llvm-prototypes/llvm-install-3.7.0/bin/clang option to accept ISO C89
configure:5709: result: none needed
configure:5729: checking dependency style of /home/juneyoung.lee/llvm-prototypes/llvm-install-3.7.0/bin/clang
configure:5819: result: gcc3
configure:5841: checking for function prototypes
configure:5844: result: yes
configure:6182: checking for bison
configure:6198: found /usr/bin/bison
configure:6209: result: bison -y
configure:6221: checking how to suppress newlines using echo
configure:6238: result: option
configure:6251: checking for gperf
configure:6269: found /usr/bin/gperf
configure:6282: result: /usr/bin/gperf
configure:6296: checking for gperf - version >= 2.7
configure:6369: /home/juneyoung.lee/llvm-prototypes/llvm-install-3.7.0/bin/clang -o conftest -save-temps   conftest.c  >&5
conftest.c:78:13: warning: missing terminating '"' character [-Winvalid-pp-token]
    printf ("*** An old version of gperf (3.4
            ^
conftest.c:88:62: warning: missing terminating '"' character [-Winvalid-pp-token]
Written by Douglas C. Schmidt and Bruno Haible.) was found.\n");
                                                             ^
2 warnings generated.
conftest.c:59:1: error: expected ')'
Copyright (C) 1989-1998, 2000-2004, 2006-2009 Free Software Foundation, Inc.
^
conftest.c:58:7: note: to match this '('
  if ((3.4
      ^
conftest.c:65:1: error: expected ')'
Copyright (C) 1989-1998, 2000-2004, 2006-2009 Free Software Foundation, Inc.
^
conftest.c:64:8: note: to match this '('
      ((3.4
       ^
conftest.c:70:1: error: expected ')'
Copyright (C) 1989-1998, 2000-2004, 2006-2009 Free Software Foundation, Inc.
^
conftest.c:69:62: note: to match this '('
Written by Douglas C. Schmidt and Bruno Haible. == major) && (0.4
                                                             ^
conftest.c:64:9: warning: implicit conversion from 'double' to '_Bool' changes value from 3.4 to true [-Wliteral-conversion]
      ((3.4
        ^~~
conftest.c:69:63: warning: implicit conversion from 'double' to '_Bool' changes value from 0.4 to false [-Wliteral-conversion]
Written by Douglas C. Schmidt and Bruno Haible. == major) && (0.4
                                                          ~~  ^~~
conftest.c:58:8: warning: implicit conversion from 'double' to '_Bool' changes value from 3.4 to true [-Wliteral-conversion]
  if ((3.4
       ^~~
conftest.c:78:13: warning: missing terminating '"' character [-Winvalid-pp-token]
    printf ("*** An old version of gperf (3.4
            ^
conftest.c:78:13: error: expected expression
conftest.c:88:62: warning: missing terminating '"' character [-Winvalid-pp-token]
Written by Douglas C. Schmidt and Bruno Haible.) was found.\n");
                                                             ^
5 warnings and 4 errors generated.
configure:6372: $? = 1
configure: program exited with status 1
configure: failed program was:
| /* confdefs.h.  */
| #define PACKAGE_NAME "GNU a2ps"
| #define PACKAGE_TARNAME "a2ps"
| #define PACKAGE_VERSION "4.14"
| #define PACKAGE_STRING "GNU a2ps 4.14"
| #define PACKAGE_BUGREPORT "bug-a2ps@gnu.org"
| #define PACKAGE "a2ps"
| #define VERSION "4.14"
| #define GNU_PACKAGE "GNU a2ps"
| #define STDC_HEADERS 1
| #define HAVE_SYS_TYPES_H 1
| #define HAVE_SYS_STAT_H 1
| #define HAVE_STDLIB_H 1
| #define HAVE_STRING_H 1
| #define HAVE_MEMORY_H 1
| #define HAVE_STRINGS_H 1
| #define HAVE_INTTYPES_H 1
| #define HAVE_STDINT_H 1
| #define HAVE_UNISTD_H 1
| #define PROTOTYPES 1
| /* end confdefs.h.  */
| 
| #include <stdio.h>
| #include <stdlib.h>
| #include <string.h>
| 
| static char*
| my_strdup (char *str)
| {
|   char *new_str;
| 
|   if (str)
|     {
|       new_str = malloc ((strlen (str) + 1) * sizeof(char));
|       strcpy (new_str, str);
|     }
|   else
|     new_str = NULL;
| 
|   return new_str;
| }
| 
| int
| main ()
| {
|   char  *tmp_version;
| 
|   int    major;
|   int    minor;
| 
|   /* HP/UX 9 (%@#!) writes to sscanf strings */
|   tmp_version = my_strdup("2.7");
|   if (sscanf(tmp_version, "%d.%d", &major, &minor) != 2) {
|     printf ("%s, bad version string\n", "2.7");
|     exit (1);
|   }
| 
|   if ((3.4
| Copyright (C) 1989-1998, 2000-2004, 2006-2009 Free Software Foundation, Inc.
| License GPLv3+: GNU GPL version 3 or later <http://gnu.org/licenses/gpl.html>
| This is free software: you are free to change and redistribute it.
| There is NO WARRANTY, to the extent permitted by law.
| Written by Douglas C. Schmidt and Bruno Haible. > major) ||
|       ((3.4
| Copyright (C) 1989-1998, 2000-2004, 2006-2009 Free Software Foundation, Inc.
| License GPLv3+: GNU GPL version 3 or later <http://gnu.org/licenses/gpl.html>
| This is free software: you are free to change and redistribute it.
| There is NO WARRANTY, to the extent permitted by law.
| Written by Douglas C. Schmidt and Bruno Haible. == major) && (0.4
| Copyright (C) 1989-1998, 2000-2004, 2006-2009 Free Software Foundation, Inc.
| License GPLv3+: GNU GPL version 3 or later <http://gnu.org/licenses/gpl.html>
| This is free software: you are free to change and redistribute it.
| There is NO WARRANTY, to the extent permitted by law.
| Written by Douglas C. Schmidt and Bruno Haible. >= minor))) {
|     return 0;
|   } else {
|     printf ("\n");
|     printf ("*** An old version of gperf (3.4
| Copyright (C) 1989-1998, 2000-2004, 2006-2009 Free Software Foundation, Inc.
| License GPLv3+: GNU GPL version 3 or later <http://gnu.org/licenses/gpl.html>
| This is free software: you are free to change and redistribute it.
| There is NO WARRANTY, to the extent permitted by law.
| Written by Douglas C. Schmidt and Bruno Haible..0.4
| Copyright (C) 1989-1998, 2000-2004, 2006-2009 Free Software Foundation, Inc.
| License GPLv3+: GNU GPL version 3 or later <http://gnu.org/licenses/gpl.html>
| This is free software: you are free to change and redistribute it.
| There is NO WARRANTY, to the extent permitted by law.
| Written by Douglas C. Schmidt and Bruno Haible.) was found.\n");
|     printf ("*** You need a version of gperf newer than %d.%d.%d.  The latest version of\n",
| 	       major, minor);
|     printf ("*** gperf is always available from ftp://ftp.gnu.org.\n");
|     printf ("***\n");
|     return 1;
|   }
| }
| 
configure:6400: result: no
configure:6415: checking for flex
configure:6445: result: no
configure:6415: checking for lex
configure:6445: result: no
configure:6458: checking for flex
configure:6485: result: ${SHELL} /home/yonghyun.kim/clean-tests/clean-a2ps/a2ps-4.14/auxdir/missing --run flex
configure:6522: /bin/sh /home/yonghyun.kim/clean-tests/clean-a2ps/a2ps-4.14/auxdir/missing --run flex conftest.l
/home/yonghyun.kim/clean-tests/clean-a2ps/a2ps-4.14/auxdir/missing: line 52: flex: command not found
WARNING: `flex' is missing on your system.  You should only need it if
         you modified a `.l' file.  You may need the `Flex' package
         in order for those modifications to take effect.  You can get
         `Flex' from any GNU archive site.
configure:6525: $? = 0
configure:6527: checking lex output file root
configure:6543: result: lex.yy
configure:6548: checking lex library
configure:6567: /home/juneyoung.lee/llvm-prototypes/llvm-install-3.7.0/bin/clang -o conftest -save-temps   conftest.c   >&5
conftest.c:1:1: warning: type specifier missing, defaults to 'int' [-Wimplicit-int]
main() { return 0; }
^
1 warning generated.
configure:6573: $? = 0
configure:6594: result: 
configure:6600: checking whether yytext is a pointer
configure:6621: /home/juneyoung.lee/llvm-prototypes/llvm-install-3.7.0/bin/clang -o conftest -save-temps   conftest.c   >&5
conftest.c:2:1: warning: type specifier missing, defaults to 'int' [-Wimplicit-int]
main() { return 0; }
^
1 warning generated.
configure:6627: $? = 0
configure:6646: result: yes
configure:6744: checking build system type
configure:6762: result: x86_64-unknown-linux-gnu
configure:6784: checking host system type
configure:6799: result: x86_64-unknown-linux-gnu
configure:6821: checking for a sed that does not truncate output
configure:6877: result: /usr/bin/sed
configure:6891: checking for ld used by /home/juneyoung.lee/llvm-prototypes/llvm-install-3.7.0/bin/clang
configure:6958: result: /usr/bin/ld
configure:6967: checking if the linker (/usr/bin/ld) is GNU ld
configure:6982: result: yes
configure:6987: checking for /usr/bin/ld option to reload object files
configure:6994: result: -r
configure:7012: checking for BSD-compatible nm
configure:7061: result: /usr/bin/nm -B
configure:7065: checking how to recognize dependent libraries
configure:7251: result: pass_all
configure:7339: /home/juneyoung.lee/llvm-prototypes/llvm-install-3.7.0/bin/clang -c -save-temps  conftest.c >&5
configure:7342: $? = 0
configure:7501: checking dlfcn.h usability
configure:7518: /home/juneyoung.lee/llvm-prototypes/llvm-install-3.7.0/bin/clang -c -save-temps  conftest.c >&5
configure:7524: $? = 0
configure:7538: result: yes
configure:7542: checking dlfcn.h presence
configure:7557: /home/juneyoung.lee/llvm-prototypes/llvm-install-3.7.0/bin/clang -E  conftest.c
configure:7563: $? = 0
configure:7577: result: yes
configure:7610: checking for dlfcn.h
configure:7618: result: yes
configure:7689: checking for g++
configure:7705: found /usr/bin/g++
configure:7716: result: g++
configure:7747: checking for C++ compiler version
configure:7754: g++ --version >&5
g++ (GCC) 4.8.5 20150623 (Red Hat 4.8.5-4)
Copyright (C) 2015 Free Software Foundation, Inc.
This is free software; see the source for copying conditions.  There is NO
warranty; not even for MERCHANTABILITY or FITNESS FOR A PARTICULAR PURPOSE.

configure:7757: $? = 0
configure:7764: g++ -v >&5
Using built-in specs.
COLLECT_GCC=g++
COLLECT_LTO_WRAPPER=/usr/libexec/gcc/x86_64-redhat-linux/4.8.5/lto-wrapper
Target: x86_64-redhat-linux
Configured with: ../configure --prefix=/usr --mandir=/usr/share/man --infodir=/usr/share/info --with-bugurl=http://bugzilla.redhat.com/bugzilla --enable-bootstrap --enable-shared --enable-threads=posix --enable-checking=release --with-system-zlib --enable-__cxa_atexit --disable-libunwind-exceptions --enable-gnu-unique-object --enable-linker-build-id --with-linker-hash-style=gnu --enable-languages=c,c++,objc,obj-c++,java,fortran,ada,go,lto --enable-plugin --enable-initfini-array --disable-libgcj --with-isl=/builddir/build/BUILD/gcc-4.8.5-20150702/obj-x86_64-redhat-linux/isl-install --with-cloog=/builddir/build/BUILD/gcc-4.8.5-20150702/obj-x86_64-redhat-linux/cloog-install --enable-gnu-indirect-function --with-tune=generic --with-arch_32=x86-64 --build=x86_64-redhat-linux
Thread model: posix
gcc version 4.8.5 20150623 (Red Hat 4.8.5-4) (GCC) 
configure:7767: $? = 0
configure:7774: g++ -V >&5
g++: error: unrecognized command line option '-V'
g++: fatal error: no input files
compilation terminated.
configure:7777: $? = 4
configure:7780: checking whether we are using the GNU C++ compiler
configure:7809: g++ -c   conftest.cpp >&5
configure:7815: $? = 0
configure:7832: result: yes
configure:7837: checking whether g++ accepts -g
configure:7867: g++ -c -g  conftest.cpp >&5
configure:7873: $? = 0
configure:7972: result: yes
configure:7997: checking dependency style of g++
configure:8087: result: gcc3
configure:8114: checking how to run the C++ preprocessor
configure:8150: g++ -E  conftest.cpp
configure:8156: $? = 0
configure:8187: g++ -E  conftest.cpp
conftest.cpp:24:28: fatal error: ac_nonexistent.h: No such file or directory
 #include <ac_nonexistent.h>
                            ^
compilation terminated.
configure:8193: $? = 1
configure: failed program was:
| /* confdefs.h.  */
| #define PACKAGE_NAME "GNU a2ps"
| #define PACKAGE_TARNAME "a2ps"
| #define PACKAGE_VERSION "4.14"
| #define PACKAGE_STRING "GNU a2ps 4.14"
| #define PACKAGE_BUGREPORT "bug-a2ps@gnu.org"
| #define PACKAGE "a2ps"
| #define VERSION "4.14"
| #define GNU_PACKAGE "GNU a2ps"
| #define STDC_HEADERS 1
| #define HAVE_SYS_TYPES_H 1
| #define HAVE_SYS_STAT_H 1
| #define HAVE_STDLIB_H 1
| #define HAVE_STRING_H 1
| #define HAVE_MEMORY_H 1
| #define HAVE_STRINGS_H 1
| #define HAVE_INTTYPES_H 1
| #define HAVE_STDINT_H 1
| #define HAVE_UNISTD_H 1
| #define PROTOTYPES 1
| #define YYTEXT_POINTER 1
| #define HAVE_DLFCN_H 1
| /* end confdefs.h.  */
| #include <ac_nonexistent.h>
configure:8226: result: g++ -E
configure:8255: g++ -E  conftest.cpp
configure:8261: $? = 0
configure:8292: g++ -E  conftest.cpp
conftest.cpp:24:28: fatal error: ac_nonexistent.h: No such file or directory
 #include <ac_nonexistent.h>
                            ^
compilation terminated.
configure:8298: $? = 1
configure: failed program was:
| /* confdefs.h.  */
| #define PACKAGE_NAME "GNU a2ps"
| #define PACKAGE_TARNAME "a2ps"
| #define PACKAGE_VERSION "4.14"
| #define PACKAGE_STRING "GNU a2ps 4.14"
| #define PACKAGE_BUGREPORT "bug-a2ps@gnu.org"
| #define PACKAGE "a2ps"
| #define VERSION "4.14"
| #define GNU_PACKAGE "GNU a2ps"
| #define STDC_HEADERS 1
| #define HAVE_SYS_TYPES_H 1
| #define HAVE_SYS_STAT_H 1
| #define HAVE_STDLIB_H 1
| #define HAVE_STRING_H 1
| #define HAVE_MEMORY_H 1
| #define HAVE_STRINGS_H 1
| #define HAVE_INTTYPES_H 1
| #define HAVE_STDINT_H 1
| #define HAVE_UNISTD_H 1
| #define PROTOTYPES 1
| #define YYTEXT_POINTER 1
| #define HAVE_DLFCN_H 1
| /* end confdefs.h.  */
| #include <ac_nonexistent.h>
configure:8391: checking for g77
configure:8421: result: no
configure:8391: checking for xlf
configure:8421: result: no
configure:8391: checking for f77
configure:8421: result: no
configure:8391: checking for frt
configure:8421: result: no
configure:8391: checking for pgf77
configure:8421: result: no
configure:8391: checking for cf77
configure:8421: result: no
configure:8391: checking for fort77
configure:8421: result: no
configure:8391: checking for fl32
configure:8421: result: no
configure:8391: checking for af77
configure:8421: result: no
configure:8391: checking for xlf90
configure:8421: result: no
configure:8391: checking for f90
configure:8421: result: no
configure:8391: checking for pgf90
configure:8421: result: no
configure:8391: checking for pghpf
configure:8421: result: no
configure:8391: checking for epcf90
configure:8421: result: no
configure:8391: checking for gfortran
configure:8421: result: no
configure:8391: checking for g95
configure:8421: result: no
configure:8391: checking for xlf95
configure:8421: result: no
configure:8391: checking for f95
configure:8421: result: no
configure:8391: checking for fort
configure:8421: result: no
configure:8391: checking for ifort
configure:8421: result: no
configure:8391: checking for ifc
configure:8421: result: no
configure:8391: checking for efc
configure:8421: result: no
configure:8391: checking for pgf95
configure:8421: result: no
configure:8391: checking for lf95
configure:8421: result: no
configure:8391: checking for ftn
configure:8421: result: no
configure:8448: checking for Fortran 77 compiler version
configure:8455:  --version >&5
./configure: line 8456: --version: command not found
configure:8458: $? = 127
configure:8465:  -v >&5
./configure: line 8466: -v: command not found
configure:8468: $? = 127
configure:8475:  -V >&5
./configure: line 8476: -V: command not found
configure:8478: $? = 127
configure:8486: checking whether we are using the GNU Fortran 77 compiler
configure:8505:  -c  conftest.F >&5
./configure: line 8506: -c: command not found
configure:8511: $? = 127
configure: failed program was:
|       program main
| #ifndef __GNUC__
|        choke me
| #endif
| 
|       end
configure:8528: result: no
configure:8534: checking whether  accepts -g
configure:8551:  -c -g conftest.f >&5
./configure: line 8552: -c: command not found
configure:8557: $? = 127
configure: failed program was:
|       program main
| 
|       end
configure:8573: result: no
configure:8603: checking the maximum length of command line arguments
configure:8715: result: 1572864
configure:8727: checking command to parse /usr/bin/nm -B output from /home/juneyoung.lee/llvm-prototypes/llvm-install-3.7.0/bin/clang object
configure:8832: /home/juneyoung.lee/llvm-prototypes/llvm-install-3.7.0/bin/clang -c -save-temps  conftest.c >&5
configure:8835: $? = 0
configure:8839: /usr/bin/nm -B conftest.o \| sed -n -e 's/^.*[ 	]\([ABCDGIRSTW][ABCDGIRSTW]*\)[ 	][ 	]*\([_A-Za-z][_A-Za-z0-9]*\)$/\1 \2 \2/p' \> conftest.nm
configure:8842: $? = 0
configure:8894: /home/juneyoung.lee/llvm-prototypes/llvm-install-3.7.0/bin/clang -o conftest -save-temps   conftest.c conftstm.o >&5
configure:8897: $? = 0
configure:8935: result: ok
configure:8939: checking for objdir
configure:8954: result: .libs
configure:9046: checking for ar
configure:9062: found /usr/bin/ar
configure:9073: result: ar
configure:9142: checking for ranlib
configure:9158: found /usr/bin/ranlib
configure:9169: result: ranlib
configure:9238: checking for strip
configure:9254: found /usr/bin/strip
configure:9265: result: strip
configure:9551: checking if /home/juneyoung.lee/llvm-prototypes/llvm-install-3.7.0/bin/clang supports -fno-rtti -fno-exceptions
configure:9569: /home/juneyoung.lee/llvm-prototypes/llvm-install-3.7.0/bin/clang -c -save-temps  -fno-rtti -fno-exceptions conftest.c >&5
configure:9573: $? = 0
configure:9586: result: yes
configure:9601: checking for /home/juneyoung.lee/llvm-prototypes/llvm-install-3.7.0/bin/clang option to produce PIC
configure:9833: result: -fPIC
configure:9841: checking if /home/juneyoung.lee/llvm-prototypes/llvm-install-3.7.0/bin/clang PIC flag -fPIC works
configure:9859: /home/juneyoung.lee/llvm-prototypes/llvm-install-3.7.0/bin/clang -c -save-temps  -fPIC -DPIC conftest.c >&5
configure:9863: $? = 0
configure:9876: result: yes
configure:9904: checking if /home/juneyoung.lee/llvm-prototypes/llvm-install-3.7.0/bin/clang static flag -static works
configure:9932: result: no
configure:9942: checking if /home/juneyoung.lee/llvm-prototypes/llvm-install-3.7.0/bin/clang supports -c -o file.o
configure:9963: /home/juneyoung.lee/llvm-prototypes/llvm-install-3.7.0/bin/clang -c -save-temps  -o out/conftest2.o conftest.c >&5
configure:9967: $? = 0
configure:9989: result: yes
configure:10015: checking whether the /home/juneyoung.lee/llvm-prototypes/llvm-install-3.7.0/bin/clang linker (/usr/bin/ld -m elf_x86_64) supports shared libraries
configure:10996: result: yes
configure:11063: checking dynamic linker characteristics
configure:11677: result: GNU/Linux ld.so
configure:11686: checking how to hardcode library paths into programs
configure:11711: result: immediate
configure:11725: checking whether stripping libraries is possible
configure:11730: result: yes
configure:12532: checking if libtool supports shared libraries
configure:12534: result: yes
configure:12537: checking whether to build shared libraries
configure:12558: result: no
configure:12561: checking whether to build static libraries
configure:12565: result: yes
configure:12658: creating libtool
configure:13246: checking for ld used by g++
configure:13313: result: /usr/bin/ld -m elf_x86_64
configure:13322: checking if the linker (/usr/bin/ld -m elf_x86_64) is GNU ld
configure:13337: result: yes
configure:13388: checking whether the g++ linker (/usr/bin/ld -m elf_x86_64) supports shared libraries
configure:14362: result: yes
configure:14380: g++ -c -g -O2  conftest.cpp >&5
configure:14383: $? = 0
configure:14535: checking for g++ option to produce PIC
configure:14819: result: -fPIC
configure:14827: checking if g++ PIC flag -fPIC works
configure:14845: g++ -c -g -O2  -fPIC -DPIC conftest.cpp >&5
configure:14849: $? = 0
configure:14862: result: yes
configure:14890: checking if g++ static flag -static works
configure:14918: result: no
configure:14928: checking if g++ supports -c -o file.o
configure:14949: g++ -c -g -O2  -o out/conftest2.o conftest.cpp >&5
configure:14953: $? = 0
configure:14975: result: yes
configure:15001: checking whether the g++ linker (/usr/bin/ld -m elf_x86_64) supports shared libraries
configure:15029: result: yes
configure:15096: checking dynamic linker characteristics
configure:15658: result: GNU/Linux ld.so
configure:15667: checking how to hardcode library paths into programs
configure:15692: result: immediate
configure:21894: checking for ANSI C header files
configure:22058: result: yes
configure:22068: checking whether stat file-mode macros are broken
configure:22105: /home/juneyoung.lee/llvm-prototypes/llvm-install-3.7.0/bin/clang -c -save-temps  conftest.c >&5
configure:22111: $? = 0
configure:22126: result: no
configure:22136: checking whether time.h and sys/time.h may both be included
configure:22166: /home/juneyoung.lee/llvm-prototypes/llvm-install-3.7.0/bin/clang -c -save-temps  conftest.c >&5
configure:22172: $? = 0
configure:22187: result: yes
configure:22197: checking for sys/wait.h that is POSIX.1 compatible
configure:22233: /home/juneyoung.lee/llvm-prototypes/llvm-install-3.7.0/bin/clang -c -save-temps  conftest.c >&5
configure:22239: $? = 0
configure:22254: result: yes
configure:22272: checking for dirent.h that defines DIR
configure:22301: /home/juneyoung.lee/llvm-prototypes/llvm-install-3.7.0/bin/clang -c -save-temps  conftest.c >&5
configure:22307: $? = 0
configure:22323: result: yes
configure:22336: checking for library containing opendir
configure:22377: /home/juneyoung.lee/llvm-prototypes/llvm-install-3.7.0/bin/clang -o conftest -save-temps   conftest.c  >&5
configure:22383: $? = 0
configure:22411: result: none required
configure:22538: checking sys/time.h usability
configure:22555: /home/juneyoung.lee/llvm-prototypes/llvm-install-3.7.0/bin/clang -c -save-temps  conftest.c >&5
configure:22561: $? = 0
configure:22575: result: yes
configure:22579: checking sys/time.h presence
configure:22594: /home/juneyoung.lee/llvm-prototypes/llvm-install-3.7.0/bin/clang -E  conftest.c
configure:22600: $? = 0
configure:22614: result: yes
configure:22647: checking for sys/time.h
configure:22655: result: yes
configure:22528: checking for sys/stat.h
configure:22534: result: yes
configure:22528: checking for sys/types.h
configure:22534: result: yes
configure:22538: checking sys/ioctl.h usability
configure:22555: /home/juneyoung.lee/llvm-prototypes/llvm-install-3.7.0/bin/clang -c -save-temps  conftest.c >&5
configure:22561: $? = 0
configure:22575: result: yes
configure:22579: checking sys/ioctl.h presence
configure:22594: /home/juneyoung.lee/llvm-prototypes/llvm-install-3.7.0/bin/clang -E  conftest.c
configure:22600: $? = 0
configure:22614: result: yes
configure:22647: checking for sys/ioctl.h
configure:22655: result: yes
configure:22538: checking math.h usability
configure:22555: /home/juneyoung.lee/llvm-prototypes/llvm-install-3.7.0/bin/clang -c -save-temps  conftest.c >&5
configure:22561: $? = 0
configure:22575: result: yes
configure:22579: checking math.h presence
configure:22594: /home/juneyoung.lee/llvm-prototypes/llvm-install-3.7.0/bin/clang -E  conftest.c
configure:22600: $? = 0
configure:22614: result: yes
configure:22647: checking for math.h
configure:22655: result: yes
configure:22528: checking for string.h
configure:22534: result: yes
configure:22528: checking for strings.h
configure:22534: result: yes
configure:22528: checking for stdlib.h
configure:22534: result: yes
configure:22528: checking for unistd.h
configure:22534: result: yes
configure:22538: checking stdarg.h usability
configure:22555: /home/juneyoung.lee/llvm-prototypes/llvm-install-3.7.0/bin/clang -c -save-temps  conftest.c >&5
configure:22561: $? = 0
configure:22575: result: yes
configure:22579: checking stdarg.h presence
configure:22594: /home/juneyoung.lee/llvm-prototypes/llvm-install-3.7.0/bin/clang -E  conftest.c
configure:22600: $? = 0
configure:22614: result: yes
configure:22647: checking for stdarg.h
configure:22655: result: yes
configure:22538: checking pwd.h usability
configure:22555: /home/juneyoung.lee/llvm-prototypes/llvm-install-3.7.0/bin/clang -c -save-temps  conftest.c >&5
configure:22561: $? = 0
configure:22575: result: yes
configure:22579: checking pwd.h presence
configure:22594: /home/juneyoung.lee/llvm-prototypes/llvm-install-3.7.0/bin/clang -E  conftest.c
configure:22600: $? = 0
configure:22614: result: yes
configure:22647: checking for pwd.h
configure:22655: result: yes
configure:22538: checking malloc.h usability
configure:22555: /home/juneyoung.lee/llvm-prototypes/llvm-install-3.7.0/bin/clang -c -save-temps  conftest.c >&5
configure:22561: $? = 0
configure:22575: result: yes
configure:22579: checking malloc.h presence
configure:22594: /home/juneyoung.lee/llvm-prototypes/llvm-install-3.7.0/bin/clang -E  conftest.c
configure:22600: $? = 0
configure:22614: result: yes
configure:22647: checking for malloc.h
configure:22655: result: yes
configure:22528: checking for memory.h
configure:22534: result: yes
configure:22538: checking errno.h usability
configure:22555: /home/juneyoung.lee/llvm-prototypes/llvm-install-3.7.0/bin/clang -c -save-temps  conftest.c >&5
configure:22561: $? = 0
configure:22575: result: yes
configure:22579: checking errno.h presence
configure:22594: /home/juneyoung.lee/llvm-prototypes/llvm-install-3.7.0/bin/clang -E  conftest.c
configure:22600: $? = 0
configure:22614: result: yes
configure:22647: checking for errno.h
configure:22655: result: yes
configure:22538: checking fcntl.h usability
configure:22555: /home/juneyoung.lee/llvm-prototypes/llvm-install-3.7.0/bin/clang -c -save-temps  conftest.c >&5
configure:22561: $? = 0
configure:22575: result: yes
configure:22579: checking fcntl.h presence
configure:22594: /home/juneyoung.lee/llvm-prototypes/llvm-install-3.7.0/bin/clang -E  conftest.c
configure:22600: $? = 0
configure:22614: result: yes
configure:22647: checking for fcntl.h
configure:22655: result: yes
configure:22538: checking stdbool.h usability
configure:22555: /home/juneyoung.lee/llvm-prototypes/llvm-install-3.7.0/bin/clang -c -save-temps  conftest.c >&5
configure:22561: $? = 0
configure:22575: result: yes
configure:22579: checking stdbool.h presence
configure:22594: /home/juneyoung.lee/llvm-prototypes/llvm-install-3.7.0/bin/clang -E  conftest.c
configure:22600: $? = 0
configure:22614: result: yes
configure:22647: checking for stdbool.h
configure:22655: result: yes
configure:22538: checking fnmatch.h usability
configure:22555: /home/juneyoung.lee/llvm-prototypes/llvm-install-3.7.0/bin/clang -c -save-temps  conftest.c >&5
configure:22561: $? = 0
configure:22575: result: yes
configure:22579: checking fnmatch.h presence
configure:22594: /home/juneyoung.lee/llvm-prototypes/llvm-install-3.7.0/bin/clang -E  conftest.c
configure:22600: $? = 0
configure:22614: result: yes
configure:22647: checking for fnmatch.h
configure:22655: result: yes
configure:22676: checking for an ANSI C-conforming const
configure:22751: /home/juneyoung.lee/llvm-prototypes/llvm-install-3.7.0/bin/clang -c -save-temps  conftest.c >&5
configure:22757: $? = 0
configure:22772: result: yes
configure:22782: checking for inline
configure:22808: /home/juneyoung.lee/llvm-prototypes/llvm-install-3.7.0/bin/clang -c -save-temps  conftest.c >&5
configure:22814: $? = 0
configure:22832: result: inline
configure:22851: checking for uchar
configure:22881: /home/juneyoung.lee/llvm-prototypes/llvm-install-3.7.0/bin/clang -c -save-temps  conftest.c >&5
conftest.c:78:9: error: unknown type name 'uchar'
typedef uchar ac__type_new_;
        ^
1 error generated.
configure:22887: $? = 1
configure: failed program was:
| /* confdefs.h.  */
| #define PACKAGE_NAME "GNU a2ps"
| #define PACKAGE_TARNAME "a2ps"
| #define PACKAGE_VERSION "4.14"
| #define PACKAGE_STRING "GNU a2ps 4.14"
| #define PACKAGE_BUGREPORT "bug-a2ps@gnu.org"
| #define PACKAGE "a2ps"
| #define VERSION "4.14"
| #define GNU_PACKAGE "GNU a2ps"
| #define STDC_HEADERS 1
| #define HAVE_SYS_TYPES_H 1
| #define HAVE_SYS_STAT_H 1
| #define HAVE_STDLIB_H 1
| #define HAVE_STRING_H 1
| #define HAVE_MEMORY_H 1
| #define HAVE_STRINGS_H 1
| #define HAVE_INTTYPES_H 1
| #define HAVE_STDINT_H 1
| #define HAVE_UNISTD_H 1
| #define PROTOTYPES 1
| #define YYTEXT_POINTER 1
| #define HAVE_DLFCN_H 1
| #define STDC_HEADERS 1
| #define TIME_WITH_SYS_TIME 1
| #define HAVE_SYS_WAIT_H 1
| #define HAVE_DIRENT_H 1
| #define HAVE_SYS_TIME_H 1
| #define HAVE_SYS_STAT_H 1
| #define HAVE_SYS_TYPES_H 1
| #define HAVE_SYS_IOCTL_H 1
| #define HAVE_MATH_H 1
| #define HAVE_STRING_H 1
| #define HAVE_STRINGS_H 1
| #define HAVE_STDLIB_H 1
| #define HAVE_UNISTD_H 1
| #define HAVE_STDARG_H 1
| #define HAVE_PWD_H 1
| #define HAVE_MALLOC_H 1
| #define HAVE_MEMORY_H 1
| #define HAVE_ERRNO_H 1
| #define HAVE_FCNTL_H 1
| #define HAVE_STDBOOL_H 1
| #define HAVE_FNMATCH_H 1
| /* end confdefs.h.  */
| #include <stdio.h>
| #ifdef HAVE_SYS_TYPES_H
| # include <sys/types.h>
| #endif
| #ifdef HAVE_SYS_STAT_H
| # include <sys/stat.h>
| #endif
| #ifdef STDC_HEADERS
| # include <stdlib.h>
| # include <stddef.h>
| #else
| # ifdef HAVE_STDLIB_H
| #  include <stdlib.h>
| # endif
| #endif
| #ifdef HAVE_STRING_H
| # if !defined STDC_HEADERS && defined HAVE_MEMORY_H
| #  include <memory.h>
| # endif
| # include <string.h>
| #endif
| #ifdef HAVE_STRINGS_H
| # include <strings.h>
| #endif
| #ifdef HAVE_INTTYPES_H
| # include <inttypes.h>
| #endif
| #ifdef HAVE_STDINT_H
| # include <stdint.h>
| #endif
| #ifdef HAVE_UNISTD_H
| # include <unistd.h>
| #endif
| typedef uchar ac__type_new_;
| int
| main ()
| {
| if ((ac__type_new_ *) 0)
|   return 0;
| if (sizeof (ac__type_new_))
|   return 0;
|   ;
|   return 0;
| }
configure:22902: result: no
configure:22914: checking for size_t
configure:22944: /home/juneyoung.lee/llvm-prototypes/llvm-install-3.7.0/bin/clang -c -save-temps  conftest.c >&5
configure:22950: $? = 0
configure:22965: result: yes
configure:22977: checking for pid_t
configure:23007: /home/juneyoung.lee/llvm-prototypes/llvm-install-3.7.0/bin/clang -c -save-temps  conftest.c >&5
configure:23013: $? = 0
configure:23028: result: yes
configure:23040: checking return type of signal handlers
configure:23068: /home/juneyoung.lee/llvm-prototypes/llvm-install-3.7.0/bin/clang -c -save-temps  conftest.c >&5
conftest.c:52:8: error: indirection requires pointer operand ('void' invalid)
return *(signal (0, 0)) (0) == 1;
       ^~~~~~~~~~~~~~~~~~~~
1 error generated.
configure:23074: $? = 1
configure: failed program was:
| /* confdefs.h.  */
| #define PACKAGE_NAME "GNU a2ps"
| #define PACKAGE_TARNAME "a2ps"
| #define PACKAGE_VERSION "4.14"
| #define PACKAGE_STRING "GNU a2ps 4.14"
| #define PACKAGE_BUGREPORT "bug-a2ps@gnu.org"
| #define PACKAGE "a2ps"
| #define VERSION "4.14"
| #define GNU_PACKAGE "GNU a2ps"
| #define STDC_HEADERS 1
| #define HAVE_SYS_TYPES_H 1
| #define HAVE_SYS_STAT_H 1
| #define HAVE_STDLIB_H 1
| #define HAVE_STRING_H 1
| #define HAVE_MEMORY_H 1
| #define HAVE_STRINGS_H 1
| #define HAVE_INTTYPES_H 1
| #define HAVE_STDINT_H 1
| #define HAVE_UNISTD_H 1
| #define PROTOTYPES 1
| #define YYTEXT_POINTER 1
| #define HAVE_DLFCN_H 1
| #define STDC_HEADERS 1
| #define TIME_WITH_SYS_TIME 1
| #define HAVE_SYS_WAIT_H 1
| #define HAVE_DIRENT_H 1
| #define HAVE_SYS_TIME_H 1
| #define HAVE_SYS_STAT_H 1
| #define HAVE_SYS_TYPES_H 1
| #define HAVE_SYS_IOCTL_H 1
| #define HAVE_MATH_H 1
| #define HAVE_STRING_H 1
| #define HAVE_STRINGS_H 1
| #define HAVE_STDLIB_H 1
| #define HAVE_UNISTD_H 1
| #define HAVE_STDARG_H 1
| #define HAVE_PWD_H 1
| #define HAVE_MALLOC_H 1
| #define HAVE_MEMORY_H 1
| #define HAVE_ERRNO_H 1
| #define HAVE_FCNTL_H 1
| #define HAVE_STDBOOL_H 1
| #define HAVE_FNMATCH_H 1
| #define uchar unsigned char
| /* end confdefs.h.  */
| #include <sys/types.h>
| #include <signal.h>
| 
| int
| main ()
| {
| return *(signal (0, 0)) (0) == 1;
|   ;
|   return 0;
| }
configure:23089: result: void
configure:23097: checking whether struct tm is in sys/time.h or time.h
configure:23127: /home/juneyoung.lee/llvm-prototypes/llvm-install-3.7.0/bin/clang -c -save-temps  conftest.c >&5
configure:23133: $? = 0
configure:23148: result: time.h
configure:23158: checking for struct passwd.pw_gecos
configure:23189: /home/juneyoung.lee/llvm-prototypes/llvm-install-3.7.0/bin/clang -c -save-temps  conftest.c >&5
configure:23195: $? = 0
configure:23255: result: yes
configure:23267: checking for inttypes.h
configure:23294: /home/juneyoung.lee/llvm-prototypes/llvm-install-3.7.0/bin/clang -c -save-temps  conftest.c >&5
configure:23300: $? = 0
configure:23315: result: yes
configure:23326: checking for unsigned long long
configure:23353: /home/juneyoung.lee/llvm-prototypes/llvm-install-3.7.0/bin/clang -o conftest -save-temps   conftest.c  >&5
configure:23359: $? = 0
configure:23376: result: yes
configure:23394: checking for stdlib.h
configure:23400: result: yes
configure:23538: checking for strtoumax
configure:23594: /home/juneyoung.lee/llvm-prototypes/llvm-install-3.7.0/bin/clang -o conftest -save-temps   conftest.c  >&5
configure:23600: $? = 0
configure:23618: result: yes
configure:23746: checking for stdint.h
configure:23773: /home/juneyoung.lee/llvm-prototypes/llvm-install-3.7.0/bin/clang -c -save-temps  conftest.c >&5
configure:23779: $? = 0
configure:23794: result: yes
configure:23826: checking whether sys_siglist is declared
configure:23861: /home/juneyoung.lee/llvm-prototypes/llvm-install-3.7.0/bin/clang -c -save-temps  conftest.c >&5
configure:23867: $? = 0
configure:23882: result: yes
configure:23900: checking for sys_siglist
configure:23926: /home/juneyoung.lee/llvm-prototypes/llvm-install-3.7.0/bin/clang -o conftest -save-temps   conftest.c  >&5
conftest.c:58:29: warning: implicit declaration of function 'puts' is invalid in C99 [-Wimplicit-function-declaration]
extern char *sys_siglist[]; puts(*sys_siglist);
                            ^
1 warning generated.
configure:23932: $? = 0
configure:23957: result: yes
configure:23965: checking for library containing getpwuid
configure:24006: /home/juneyoung.lee/llvm-prototypes/llvm-install-3.7.0/bin/clang -o conftest -save-temps   conftest.c  >&5
configure:24012: $? = 0
configure:24040: result: none required
configure:24068: checking for stpcpy
configure:24124: /home/juneyoung.lee/llvm-prototypes/llvm-install-3.7.0/bin/clang -o conftest -save-temps   conftest.c  >&5
conftest.c:79:6: warning: incompatible redeclaration of library function 'stpcpy' [-Wincompatible-library-redeclaration]
char stpcpy ();
     ^
conftest.c:79:6: note: 'stpcpy' is a builtin with type 'char *(char *, const char *)'
1 warning generated.
configure:24130: $? = 0
configure:24148: result: yes
configure:24068: checking for stpncpy
configure:24124: /home/juneyoung.lee/llvm-prototypes/llvm-install-3.7.0/bin/clang -o conftest -save-temps   conftest.c  >&5
conftest.c:80:6: warning: incompatible redeclaration of library function 'stpncpy' [-Wincompatible-library-redeclaration]
char stpncpy ();
     ^
conftest.c:80:6: note: 'stpncpy' is a builtin with type 'char *(char *, const char *, unsigned long)'
1 warning generated.
configure:24130: $? = 0
configure:24148: result: yes
configure:24068: checking for strtoul
configure:24124: /home/juneyoung.lee/llvm-prototypes/llvm-install-3.7.0/bin/clang -o conftest -save-temps   conftest.c  >&5
configure:24130: $? = 0
configure:24148: result: yes
configure:24068: checking for memcpy
configure:24124: /home/juneyoung.lee/llvm-prototypes/llvm-install-3.7.0/bin/clang -o conftest -save-temps   conftest.c  >&5
conftest.c:82:6: warning: incompatible redeclaration of library function 'memcpy' [-Wincompatible-library-redeclaration]
char memcpy ();
     ^
conftest.c:82:6: note: 'memcpy' is a builtin with type 'void *(void *, const void *, unsigned long)'
1 warning generated.
configure:24130: $? = 0
configure:24148: result: yes
configure:24068: checking for memset
configure:24124: /home/juneyoung.lee/llvm-prototypes/llvm-install-3.7.0/bin/clang -o conftest -save-temps   conftest.c  >&5
conftest.c:83:6: warning: incompatible redeclaration of library function 'memset' [-Wincompatible-library-redeclaration]
char memset ();
     ^
conftest.c:83:6: note: 'memset' is a builtin with type 'void *(void *, int, unsigned long)'
1 warning generated.
configure:24130: $? = 0
configure:24148: result: yes
configure:24068: checking for gethostname
configure:24124: /home/juneyoung.lee/llvm-prototypes/llvm-install-3.7.0/bin/clang -o conftest -save-temps   conftest.c  >&5
configure:24130: $? = 0
configure:24148: result: yes
configure:24068: checking for getuid
configure:24124: /home/juneyoung.lee/llvm-prototypes/llvm-install-3.7.0/bin/clang -o conftest -save-temps   conftest.c  >&5
configure:24130: $? = 0
configure:24148: result: yes
configure:24170: checking for strcasecmp
configure:24226: /home/juneyoung.lee/llvm-prototypes/llvm-install-3.7.0/bin/clang -o conftest -save-temps   conftest.c  >&5
conftest.c:86:6: warning: incompatible redeclaration of library function 'strcasecmp' [-Wincompatible-library-redeclaration]
char strcasecmp ();
     ^
conftest.c:86:6: note: 'strcasecmp' is a builtin with type 'int (const char *, const char *)'
1 warning generated.
configure:24232: $? = 0
configure:24250: result: yes
configure:24374: checking for strncasecmp
configure:24430: /home/juneyoung.lee/llvm-prototypes/llvm-install-3.7.0/bin/clang -o conftest -save-temps   conftest.c  >&5
conftest.c:87:6: warning: incompatible redeclaration of library function 'strncasecmp' [-Wincompatible-library-redeclaration]
char strncasecmp ();
     ^
conftest.c:87:6: note: 'strncasecmp' is a builtin with type 'int (const char *, const char *, unsigned long)'
1 warning generated.
configure:24436: $? = 0
configure:24454: result: yes
configure:24578: checking for rename
configure:24634: /home/juneyoung.lee/llvm-prototypes/llvm-install-3.7.0/bin/clang -o conftest -save-temps   conftest.c  >&5
configure:24640: $? = 0
configure:24658: result: yes
configure:24669: checking whether rename works
configure:24695: /home/juneyoung.lee/llvm-prototypes/llvm-install-3.7.0/bin/clang -o conftest -save-temps   conftest.c  >&5
conftest.c:67:15: warning: implicitly declaring library function 'exit' with type 'void (int) __attribute__((noreturn))'
int main () { exit (rename ("conftest.1", "conftest.2")); }
              ^
conftest.c:67:15: note: include the header <stdlib.h> or explicitly provide a declaration for 'exit'
1 warning generated.
configure:24698: $? = 0
configure:24704: ./conftest
configure:24707: $? = 0
configure:24721: result: yes
configure:24847: checking for uname
configure:24903: /home/juneyoung.lee/llvm-prototypes/llvm-install-3.7.0/bin/clang -o conftest -save-temps   conftest.c  >&5
configure:24909: $? = 0
configure:24927: result: yes
configure:24847: checking for strchr
configure:24903: /home/juneyoung.lee/llvm-prototypes/llvm-install-3.7.0/bin/clang -o conftest -save-temps   conftest.c  >&5
conftest.c:90:6: warning: incompatible redeclaration of library function 'strchr' [-Wincompatible-library-redeclaration]
char strchr ();
     ^
conftest.c:90:6: note: 'strchr' is a builtin with type 'char *(const char *, int)'
1 warning generated.
configure:24909: $? = 0
configure:24927: result: yes
configure:24847: checking for strerror
configure:24903: /home/juneyoung.lee/llvm-prototypes/llvm-install-3.7.0/bin/clang -o conftest -save-temps   conftest.c  >&5
conftest.c:91:6: warning: incompatible redeclaration of library function 'strerror' [-Wincompatible-library-redeclaration]
char strerror ();
     ^
conftest.c:91:6: note: 'strerror' is a builtin with type 'char *(int)'
1 warning generated.
configure:24909: $? = 0
configure:24927: result: yes
configure:24847: checking for strerror_r
configure:24903: /home/juneyoung.lee/llvm-prototypes/llvm-install-3.7.0/bin/clang -o conftest -save-temps   conftest.c  >&5
configure:24909: $? = 0
configure:24927: result: yes
configure:24847: checking for getcwd
configure:24903: /home/juneyoung.lee/llvm-prototypes/llvm-install-3.7.0/bin/clang -o conftest -save-temps   conftest.c  >&5
configure:24909: $? = 0
configure:24927: result: yes
configure:24847: checking for bcopy
configure:24903: /home/juneyoung.lee/llvm-prototypes/llvm-install-3.7.0/bin/clang -o conftest -save-temps   conftest.c  >&5
configure:24909: $? = 0
configure:24927: result: yes
configure:24847: checking for bzero
configure:24903: /home/juneyoung.lee/llvm-prototypes/llvm-install-3.7.0/bin/clang -o conftest -save-temps   conftest.c  >&5
conftest.c:95:6: warning: incompatible redeclaration of library function 'bzero' [-Wincompatible-library-redeclaration]
char bzero ();
     ^
conftest.c:95:6: note: 'bzero' is a builtin with type 'void (void *, unsigned long)'
1 warning generated.
configure:24909: $? = 0
configure:24927: result: yes
configure:24847: checking for tempnam
configure:24903: /home/juneyoung.lee/llvm-prototypes/llvm-install-3.7.0/bin/clang -o conftest -save-temps   conftest.c  >&5
configure:24909: $? = 0
configure:24927: result: yes
configure:24847: checking for strsignal
configure:24903: /home/juneyoung.lee/llvm-prototypes/llvm-install-3.7.0/bin/clang -o conftest -save-temps   conftest.c  >&5
configure:24909: $? = 0
configure:24927: result: yes
configure:24847: checking for psignal
configure:24903: /home/juneyoung.lee/llvm-prototypes/llvm-install-3.7.0/bin/clang -o conftest -save-temps   conftest.c  >&5
configure:24909: $? = 0
configure:24927: result: yes
configure:24847: checking for setlocale
configure:24903: /home/juneyoung.lee/llvm-prototypes/llvm-install-3.7.0/bin/clang -o conftest -save-temps   conftest.c  >&5
configure:24909: $? = 0
configure:24927: result: yes
configure:24938: checking for systempapername in -lpaper
configure:24973: /home/juneyoung.lee/llvm-prototypes/llvm-install-3.7.0/bin/clang -o conftest -save-temps   conftest.c -lpaper   >&5
/usr/bin/ld: cannot find -lpaper
clang: error: linker command failed with exit code 1 (use -v to see invocation)
configure:24979: $? = 1
configure: failed program was:
| /* confdefs.h.  */
| #define PACKAGE_NAME "GNU a2ps"
| #define PACKAGE_TARNAME "a2ps"
| #define PACKAGE_VERSION "4.14"
| #define PACKAGE_STRING "GNU a2ps 4.14"
| #define PACKAGE_BUGREPORT "bug-a2ps@gnu.org"
| #define PACKAGE "a2ps"
| #define VERSION "4.14"
| #define GNU_PACKAGE "GNU a2ps"
| #define STDC_HEADERS 1
| #define HAVE_SYS_TYPES_H 1
| #define HAVE_SYS_STAT_H 1
| #define HAVE_STDLIB_H 1
| #define HAVE_STRING_H 1
| #define HAVE_MEMORY_H 1
| #define HAVE_STRINGS_H 1
| #define HAVE_INTTYPES_H 1
| #define HAVE_STDINT_H 1
| #define HAVE_UNISTD_H 1
| #define PROTOTYPES 1
| #define YYTEXT_POINTER 1
| #define HAVE_DLFCN_H 1
| #define STDC_HEADERS 1
| #define TIME_WITH_SYS_TIME 1
| #define HAVE_SYS_WAIT_H 1
| #define HAVE_DIRENT_H 1
| #define HAVE_SYS_TIME_H 1
| #define HAVE_SYS_STAT_H 1
| #define HAVE_SYS_TYPES_H 1
| #define HAVE_SYS_IOCTL_H 1
| #define HAVE_MATH_H 1
| #define HAVE_STRING_H 1
| #define HAVE_STRINGS_H 1
| #define HAVE_STDLIB_H 1
| #define HAVE_UNISTD_H 1
| #define HAVE_STDARG_H 1
| #define HAVE_PWD_H 1
| #define HAVE_MALLOC_H 1
| #define HAVE_MEMORY_H 1
| #define HAVE_ERRNO_H 1
| #define HAVE_FCNTL_H 1
| #define HAVE_STDBOOL_H 1
| #define HAVE_FNMATCH_H 1
| #define uchar unsigned char
| #define RETSIGTYPE void
| #define HAVE_STRUCT_PASSWD_PW_GECOS 1
| #define HAVE_INTTYPES_H_WITH_UINTMAX 1
| #define HAVE_UNSIGNED_LONG_LONG 1
| #define HAVE_STDLIB_H 1
| #define HAVE_STRTOUMAX 1
| #define HAVE_STDINT_H_WITH_UINTMAX 1
| #define HAVE_DECL_SYS_SIGLIST 1
| #define HAVE_SYS_SIGLIST 1
| #define HAVE_GETPWUID 1
| #define HAVE_STPCPY 1
| #define HAVE_STPNCPY 1
| #define HAVE_STRTOUL 1
| #define HAVE_MEMCPY 1
| #define HAVE_MEMSET 1
| #define HAVE_GETHOSTNAME 1
| #define HAVE_GETUID 1
| #define HAVE_STRCASECMP 1
| #define HAVE_STRNCASECMP 1
| #define HAVE_RENAME 1
| #define HAVE_UNAME 1
| #define HAVE_STRCHR 1
| #define HAVE_STRERROR 1
| #define HAVE_STRERROR_R 1
| #define HAVE_GETCWD 1
| #define HAVE_BCOPY 1
| #define HAVE_BZERO 1
| #define HAVE_TEMPNAM 1
| #define HAVE_STRSIGNAL 1
| #define HAVE_PSIGNAL 1
| #define HAVE_SETLOCALE 1
| /* end confdefs.h.  */
| 
| /* Override any GCC internal prototype to avoid an error.
|    Use char because int might match the return type of a GCC
|    builtin and then its argument prototype would still apply.  */
| #ifdef __cplusplus
| extern "C"
| #endif
| char systempapername ();
| int
| main ()
| {
| return systempapername ();
|   ;
|   return 0;
| }
configure:24997: result: no
configure:25160: checking for atexit
configure:25216: /home/juneyoung.lee/llvm-prototypes/llvm-install-3.7.0/bin/clang -o conftest -save-temps   conftest.c  >&5
configure:25222: $? = 0
configure:25240: result: yes
configure:25367: checking for sys/time.h
configure:25373: result: yes
configure:25367: checking for unistd.h
configure:25373: result: yes
configure:25518: checking for alarm
configure:25574: /home/juneyoung.lee/llvm-prototypes/llvm-install-3.7.0/bin/clang -o conftest -save-temps   conftest.c  >&5
configure:25580: $? = 0
configure:25598: result: yes
configure:25614: checking for strftime
configure:25670: /home/juneyoung.lee/llvm-prototypes/llvm-install-3.7.0/bin/clang -o conftest -save-temps   conftest.c  >&5
configure:25676: $? = 0
configure:25694: result: yes
configure:25775: checking for struct tm.tm_zone
configure:25806: /home/juneyoung.lee/llvm-prototypes/llvm-install-3.7.0/bin/clang -c -save-temps  conftest.c >&5
configure:25812: $? = 0
configure:25872: result: yes
configure:26029: checking for tzset
configure:26085: /home/juneyoung.lee/llvm-prototypes/llvm-install-3.7.0/bin/clang -o conftest -save-temps   conftest.c  >&5
configure:26091: $? = 0
configure:26109: result: yes
configure:26029: checking for mblen
configure:26085: /home/juneyoung.lee/llvm-prototypes/llvm-install-3.7.0/bin/clang -o conftest -save-temps   conftest.c  >&5
configure:26091: $? = 0
configure:26109: result: yes
configure:26029: checking for mbrlen
configure:26085: /home/juneyoung.lee/llvm-prototypes/llvm-install-3.7.0/bin/clang -o conftest -save-temps   conftest.c  >&5
configure:26091: $? = 0
configure:26109: result: yes
configure:26134: checking limits.h usability
configure:26151: /home/juneyoung.lee/llvm-prototypes/llvm-install-3.7.0/bin/clang -c -save-temps  conftest.c >&5
configure:26157: $? = 0
configure:26171: result: yes
configure:26175: checking limits.h presence
configure:26190: /home/juneyoung.lee/llvm-prototypes/llvm-install-3.7.0/bin/clang -E  conftest.c
configure:26196: $? = 0
configure:26210: result: yes
configure:26243: checking for limits.h
configure:26251: result: yes
configure:26278: checking for working mktime
configure:26487: /home/juneyoung.lee/llvm-prototypes/llvm-install-3.7.0/bin/clang -o conftest -save-temps   conftest.c  >&5
configure:26490: $? = 0
configure:26496: ./conftest
configure:26499: $? = 0
configure:26515: result: yes
configure:26541: checking whether closedir returns void
configure:26575: /home/juneyoung.lee/llvm-prototypes/llvm-install-3.7.0/bin/clang -o conftest -save-temps   conftest.c  >&5
configure:26578: $? = 0
configure:26584: ./conftest
configure:26587: $? = 0
configure:26603: result: no
configure:26617: checking for vprintf
configure:26673: /home/juneyoung.lee/llvm-prototypes/llvm-install-3.7.0/bin/clang -o conftest -save-temps   conftest.c  >&5
conftest.c:111:6: warning: incompatible redeclaration of library function 'vprintf' [-Wincompatible-library-redeclaration]
char vprintf ();
     ^
conftest.c:111:6: note: 'vprintf' is a builtin with type 'int (const char *, __va_list_tag *)'
1 warning generated.
configure:26679: $? = 0
configure:26697: result: yes
configure:26704: checking for _doprnt
configure:26760: /home/juneyoung.lee/llvm-prototypes/llvm-install-3.7.0/bin/clang -o conftest -save-temps   conftest.c  >&5
conftest.o: In function `main':
conftest.bc:(.text+0x12): undefined reference to `_doprnt'
clang: error: linker command failed with exit code 1 (use -v to see invocation)
configure:26766: $? = 1
configure: failed program was:
| /* confdefs.h.  */
| #define PACKAGE_NAME "GNU a2ps"
| #define PACKAGE_TARNAME "a2ps"
| #define PACKAGE_VERSION "4.14"
| #define PACKAGE_STRING "GNU a2ps 4.14"
| #define PACKAGE_BUGREPORT "bug-a2ps@gnu.org"
| #define PACKAGE "a2ps"
| #define VERSION "4.14"
| #define GNU_PACKAGE "GNU a2ps"
| #define STDC_HEADERS 1
| #define HAVE_SYS_TYPES_H 1
| #define HAVE_SYS_STAT_H 1
| #define HAVE_STDLIB_H 1
| #define HAVE_STRING_H 1
| #define HAVE_MEMORY_H 1
| #define HAVE_STRINGS_H 1
| #define HAVE_INTTYPES_H 1
| #define HAVE_STDINT_H 1
| #define HAVE_UNISTD_H 1
| #define PROTOTYPES 1
| #define YYTEXT_POINTER 1
| #define HAVE_DLFCN_H 1
| #define STDC_HEADERS 1
| #define TIME_WITH_SYS_TIME 1
| #define HAVE_SYS_WAIT_H 1
| #define HAVE_DIRENT_H 1
| #define HAVE_SYS_TIME_H 1
| #define HAVE_SYS_STAT_H 1
| #define HAVE_SYS_TYPES_H 1
| #define HAVE_SYS_IOCTL_H 1
| #define HAVE_MATH_H 1
| #define HAVE_STRING_H 1
| #define HAVE_STRINGS_H 1
| #define HAVE_STDLIB_H 1
| #define HAVE_UNISTD_H 1
| #define HAVE_STDARG_H 1
| #define HAVE_PWD_H 1
| #define HAVE_MALLOC_H 1
| #define HAVE_MEMORY_H 1
| #define HAVE_ERRNO_H 1
| #define HAVE_FCNTL_H 1
| #define HAVE_STDBOOL_H 1
| #define HAVE_FNMATCH_H 1
| #define uchar unsigned char
| #define RETSIGTYPE void
| #define HAVE_STRUCT_PASSWD_PW_GECOS 1
| #define HAVE_INTTYPES_H_WITH_UINTMAX 1
| #define HAVE_UNSIGNED_LONG_LONG 1
| #define HAVE_STDLIB_H 1
| #define HAVE_STRTOUMAX 1
| #define HAVE_STDINT_H_WITH_UINTMAX 1
| #define HAVE_DECL_SYS_SIGLIST 1
| #define HAVE_SYS_SIGLIST 1
| #define HAVE_GETPWUID 1
| #define HAVE_STPCPY 1
| #define HAVE_STPNCPY 1
| #define HAVE_STRTOUL 1
| #define HAVE_MEMCPY 1
| #define HAVE_MEMSET 1
| #define HAVE_GETHOSTNAME 1
| #define HAVE_GETUID 1
| #define HAVE_STRCASECMP 1
| #define HAVE_STRNCASECMP 1
| #define HAVE_RENAME 1
| #define HAVE_UNAME 1
| #define HAVE_STRCHR 1
| #define HAVE_STRERROR 1
| #define HAVE_STRERROR_R 1
| #define HAVE_GETCWD 1
| #define HAVE_BCOPY 1
| #define HAVE_BZERO 1
| #define HAVE_TEMPNAM 1
| #define HAVE_STRSIGNAL 1
| #define HAVE_PSIGNAL 1
| #define HAVE_SETLOCALE 1
| #define HAVE_ATEXIT 1
| #define HAVE_SYS_TIME_H 1
| #define HAVE_UNISTD_H 1
| #define HAVE_ALARM 1
| #define HAVE_STRFTIME 1
| #define HAVE_STRUCT_TM_TM_ZONE 1
| #define HAVE_TM_ZONE 1
| #define HAVE_TZSET 1
| #define HAVE_MBLEN 1
| #define HAVE_MBRLEN 1
| #define HAVE_LIMITS_H 1
| #define HAVE_VPRINTF 1
| /* end confdefs.h.  */
| /* Define _doprnt to an innocuous variant, in case <limits.h> declares _doprnt.
|    For example, HP-UX 11i <limits.h> declares gettimeofday.  */
| #define _doprnt innocuous__doprnt
| 
| /* System header to define __stub macros and hopefully few prototypes,
|     which can conflict with char _doprnt (); below.
|     Prefer <limits.h> to <assert.h> if __STDC__ is defined, since
|     <limits.h> exists even on freestanding compilers.  */
| 
| #ifdef __STDC__
| # include <limits.h>
| #else
| # include <assert.h>
| #endif
| 
| #undef _doprnt
| 
| /* Override any GCC internal prototype to avoid an error.
|    Use char because int might match the return type of a GCC
|    builtin and then its argument prototype would still apply.  */
| #ifdef __cplusplus
| extern "C"
| #endif
| char _doprnt ();
| /* The GNU C library defines this for functions which it implements
|     to always fail with ENOSYS.  Some functions are actually named
|     something starting with __ and the normal name is an alias.  */
| #if defined __stub__doprnt || defined __stub____doprnt
| choke me
| #endif
| 
| int
| main ()
| {
| return _doprnt ();
|   ;
|   return 0;
| }
configure:26783: result: no
configure:26797: checking for obstacks
configure:26828: /home/juneyoung.lee/llvm-prototypes/llvm-install-3.7.0/bin/clang -o conftest -save-temps   conftest.c  >&5
configure:26834: $? = 0
configure:26851: result: yes
configure:26870: checking for working alloca.h
configure:26897: /home/juneyoung.lee/llvm-prototypes/llvm-install-3.7.0/bin/clang -o conftest -save-temps   conftest.c  >&5
configure:26903: $? = 0
configure:26920: result: yes
configure:26930: checking for alloca
configure:26977: /home/juneyoung.lee/llvm-prototypes/llvm-install-3.7.0/bin/clang -o conftest -save-temps   conftest.c  >&5
configure:26983: $? = 0
configure:27000: result: yes
configure:27227: checking for error_at_line
configure:27253: /home/juneyoung.lee/llvm-prototypes/llvm-install-3.7.0/bin/clang -o conftest -save-temps   conftest.c  >&5
configure:27259: $? = 0
configure:27276: result: yes
configure:27294: checking for working malloc
configure:27323: /home/juneyoung.lee/llvm-prototypes/llvm-install-3.7.0/bin/clang -o conftest -save-temps   conftest.c  >&5
conftest.c:94:11: warning: incompatible redeclaration of library function 'malloc' [-Wincompatible-library-redeclaration]
    char *malloc ();
          ^
conftest.c:94:11: note: 'malloc' is a builtin with type 'void *(unsigned long)'
conftest.c:98:7: warning: implicitly declaring library function 'exit' with type 'void (int) __attribute__((noreturn))'
      exit (malloc (0) ? 0 : 1);
      ^
conftest.c:98:7: note: include the header <stdlib.h> or explicitly provide a declaration for 'exit'
2 warnings generated.
configure:27326: $? = 0
configure:27332: ./conftest
configure:27335: $? = 0
configure:27352: result: yes
configure:27375: checking for working realloc
configure:27404: /home/juneyoung.lee/llvm-prototypes/llvm-install-3.7.0/bin/clang -o conftest -save-temps   conftest.c  >&5
conftest.c:95:11: warning: incompatible redeclaration of library function 'realloc' [-Wincompatible-library-redeclaration]
    char *realloc ();
          ^
conftest.c:95:11: note: 'realloc' is a builtin with type 'void *(void *, unsigned long)'
conftest.c:99:7: warning: implicitly declaring library function 'exit' with type 'void (int) __attribute__((noreturn))'
      exit (realloc (0, 0) ? 0 : 1);
      ^
conftest.c:99:7: note: include the header <stdlib.h> or explicitly provide a declaration for 'exit'
2 warnings generated.
configure:27407: $? = 0
configure:27413: ./conftest
configure:27416: $? = 0
configure:27433: result: yes
configure:27456: checking for isascii
configure:27512: /home/juneyoung.lee/llvm-prototypes/llvm-install-3.7.0/bin/clang -o conftest -save-temps   conftest.c  >&5
configure:27518: $? = 0
configure:27536: result: yes
configure:27456: checking for iswprint
configure:27512: /home/juneyoung.lee/llvm-prototypes/llvm-install-3.7.0/bin/clang -o conftest -save-temps   conftest.c  >&5
configure:27518: $? = 0
configure:27536: result: yes
configure:27456: checking for mbsinit
configure:27512: /home/juneyoung.lee/llvm-prototypes/llvm-install-3.7.0/bin/clang -o conftest -save-temps   conftest.c  >&5
configure:27518: $? = 0
configure:27536: result: yes
configure:27547: checking whether mbrtowc and mbstate_t are properly declared
configure:27573: /home/juneyoung.lee/llvm-prototypes/llvm-install-3.7.0/bin/clang -o conftest -save-temps   conftest.c  >&5
conftest.c:101:44: warning: address of function 'mbrtowc' will always evaluate to 'true' [-Wpointer-bool-conversion]
mbstate_t state; return ! (sizeof state && mbrtowc);
                                        ~~ ^~~~~~~
conftest.c:101:44: note: prefix with the address-of operator to silence this warning
mbstate_t state; return ! (sizeof state && mbrtowc);
                                           ^
                                           &
1 warning generated.
configure:27579: $? = 0
configure:27596: result: yes
configure:27616: checking for limits.h
configure:27622: result: yes
configure:27626: checking stddef.h usability
configure:27643: /home/juneyoung.lee/llvm-prototypes/llvm-install-3.7.0/bin/clang -c -save-temps  conftest.c >&5
configure:27649: $? = 0
configure:27663: result: yes
configure:27667: checking stddef.h presence
configure:27682: /home/juneyoung.lee/llvm-prototypes/llvm-install-3.7.0/bin/clang -E  conftest.c
configure:27688: $? = 0
configure:27702: result: yes
configure:27735: checking for stddef.h
configure:27743: result: yes
configure:27616: checking for stdlib.h
configure:27622: result: yes
configure:27616: checking for string.h
configure:27622: result: yes
configure:27626: checking wchar.h usability
configure:27643: /home/juneyoung.lee/llvm-prototypes/llvm-install-3.7.0/bin/clang -c -save-temps  conftest.c >&5
configure:27649: $? = 0
configure:27663: result: yes
configure:27667: checking wchar.h presence
configure:27682: /home/juneyoung.lee/llvm-prototypes/llvm-install-3.7.0/bin/clang -E  conftest.c
configure:27688: $? = 0
configure:27702: result: yes
configure:27735: checking for wchar.h
configure:27743: result: yes
configure:27626: checking wctype.h usability
configure:27643: /home/juneyoung.lee/llvm-prototypes/llvm-install-3.7.0/bin/clang -c -save-temps  conftest.c >&5
configure:27649: $? = 0
configure:27663: result: yes
configure:27667: checking wctype.h presence
configure:27682: /home/juneyoung.lee/llvm-prototypes/llvm-install-3.7.0/bin/clang -E  conftest.c
configure:27688: $? = 0
configure:27702: result: yes
configure:27735: checking for wctype.h
configure:27743: result: yes
configure:27756: checking for ANSI C header files
configure:27920: result: yes
configure:27931: checking whether backslash-a works in strings
configure:27964: /home/juneyoung.lee/llvm-prototypes/llvm-install-3.7.0/bin/clang -c -save-temps  conftest.c >&5
configure:27970: $? = 0
configure:27985: result: yes
configure:27995: checking for mbstate_t
configure:28022: /home/juneyoung.lee/llvm-prototypes/llvm-install-3.7.0/bin/clang -c -save-temps  conftest.c >&5
configure:28028: $? = 0
configure:28043: result: yes
configure:28060: checking for function prototypes
configure:28063: result: yes
configure:28400: checking for working POSIX fnmatch
configure:28443: /home/juneyoung.lee/llvm-prototypes/llvm-install-3.7.0/bin/clang -o conftest -save-temps   conftest.c  >&5
configure:28446: $? = 0
configure:28452: ./conftest
configure:28455: $? = 0
configure:28471: result: yes
configure:28498: checking POSIX termios
configure:28527: /home/juneyoung.lee/llvm-prototypes/llvm-install-3.7.0/bin/clang -o conftest -save-temps   conftest.c  >&5
configure:28533: $? = 0
configure:28550: result: yes
configure:28554: checking whether use of TIOCGWINSZ requires sys/ioctl.h
configure:28607: result: yes
configure:28636: checking termios.h usability
configure:28653: /home/juneyoung.lee/llvm-prototypes/llvm-install-3.7.0/bin/clang -c -save-temps  conftest.c >&5
configure:28659: $? = 0
configure:28673: result: yes
configure:28677: checking termios.h presence
configure:28692: /home/juneyoung.lee/llvm-prototypes/llvm-install-3.7.0/bin/clang -E  conftest.c
configure:28698: $? = 0
configure:28712: result: yes
configure:28745: checking for termios.h
configure:28753: result: yes
configure:28626: checking for sys/types.h
configure:28632: result: yes
configure:28626: checking for unistd.h
configure:28632: result: yes
configure:28626: checking for limits.h
configure:28632: result: yes
configure:28769: checking whether fputs is declared
configure:28798: /home/juneyoung.lee/llvm-prototypes/llvm-install-3.7.0/bin/clang -c -save-temps  conftest.c >&5
configure:28804: $? = 0
configure:28819: result: yes
configure:28835: checking whether strlen is declared
configure:28864: /home/juneyoung.lee/llvm-prototypes/llvm-install-3.7.0/bin/clang -c -save-temps  conftest.c >&5
configure:28870: $? = 0
configure:28885: result: yes
configure:28921: checking for msgfmt
configure:28949: result: /usr/bin/msgfmt
configure:28958: checking for gmsgfmt
configure:28989: result: /usr/bin/msgfmt
configure:29000: checking for xgettext
configure:29028: result: /usr/bin/xgettext
configure:29039: checking for msgmerge
configure:29066: result: /usr/bin/msgmerge
configure:29128: checking for ld used by GCC
configure:29191: result: /usr/bin/ld -m elf_x86_64
configure:29200: checking if the linker (/usr/bin/ld -m elf_x86_64) is GNU ld
GNU ld version 2.23.52.0.1-55.el7 20130226
configure:29212: result: yes
configure:29218: checking for shared library run path origin
configure:29231: result: done
configure:29648: checking whether NLS is requested
configure:29657: result: yes
configure:29674: checking for GNU gettext in libc
configure:29703: /home/juneyoung.lee/llvm-prototypes/llvm-install-3.7.0/bin/clang -o conftest -save-temps   conftest.c  >&5
configure:29709: $? = 0
configure:29726: result: yes
configure:30632: checking for emacs
configure:30648: found /usr/bin/emacs
configure:30659: result: emacs
configure:30683: checking where .elc files should go
configure:30696: $EMACS -batch -q -eval '(while load-path (princ (concat (car load-path) "\n")) (setq load-path (cdr load-path)))' </dev/null >conftest.out
Loading /usr/share/emacs/site-lisp/site-start.d/cmake3-init.el (source)...
Loading /usr/share/emacs/site-lisp/site-start.d/desktop-entry-mode-init.el (source)...
configure:30699: $? = 0
configure:30712: result: ${datadir}/emacs/site-lisp
configure:30722: checking whether paths should be hardcoded
configure:30730: result: no
configure:30757: checking for PostScript fonts path
configure:30773: result: :/usr/local/ghostscript/fonts:/usr/local/share/ghostscript/fonts
configure:30785: checking for file
configure:30803: found /usr/bin/file
configure:30815: result: /usr/bin/file
configure:30822: checking for the option for file to follow the links
configure:30851: result:  -L
configure:30862: checking for lp
configure:30892: result: no
configure:30862: checking for lpr
configure:30892: result: no
configure:30901: checking for printer queue selection
configure:30912: result: cat > PRINTER
configure:30953: checking for gv
configure:30981: result: no
configure:31049: checking for ghostview
configure:31077: result: no
configure:31155: checking for gzip
configure:31171: found /usr/bin/gzip
configure:31183: result: yes
configure:31261: checking for bzip
configure:31289: result: no
configure:31357: checking for bzip2
configure:31373: found /usr/bin/bzip2
configure:31385: result: yes
configure:31456: checking for dvips
configure:31472: found /usr/bin/dvips
configure:31484: result: yes
configure:31555: checking for convert
configure:31571: found /usr/bin/convert
configure:31583: result: yes
configure:31654: checking for netscape
configure:31682: result: no
configure:31750: checking for html2ps
configure:31778: result: no
configure:31868: checking for acroread
configure:31896: result: no
configure:31964: checking for pdf2ps
configure:31980: found /usr/bin/pdf2ps
configure:31992: result: yes
configure:32085: checking for distill
configure:32113: result: no
configure:32181: checking for ps2pdf
configure:32197: found /usr/bin/ps2pdf
configure:32209: result: yes
configure:32282: checking for psselect
configure:32310: result: no
configure:32379: checking for psnup
configure:32407: result: no
configure:32484: WARNING: ===========================================================
configure:32486: WARNING: a2ps works much better with the psutils.  Available at
configure:32488: WARNING:   http://www.dcs.ed.ac.uk/home/ajcd/psutils/
configure:32490: WARNING: You *really* should install them *before* installing a2ps.
configure:32492: WARNING: ===========================================================
configure:32501: checking for grog
configure:32529: result: no
configure:32595: WARNING: ============================================================
a2ps works better with groff.
Consider fetching groff at any ftp site proposing GNU programs
configure:32599: WARNING: ============================================================
configure:32609: checking for makeinfo
configure:32637: result: no
configure:32705: checking for tex
configure:32721: found /usr/bin/tex
configure:32733: result: yes
configure:32801: checking for latex
configure:32817: found /usr/bin/latex
configure:32829: result: yes
configure:33065: creating ./config.status

## ---------------------- ##
## Running config.status. ##
## ---------------------- ##

This file was extended by GNU a2ps config.status 4.14, which was
generated by GNU Autoconf 2.61.  Invocation command line was

  CONFIG_FILES    = 
  CONFIG_HEADERS  = 
  CONFIG_LINKS    = 
  CONFIG_COMMANDS = 
  $ ./config.status 

on cn03.sf.lan

config.status:778: creating contrib/card
config.status:778: creating contrib/fixps
config.status:778: creating contrib/pdiff
config.status:778: creating contrib/psmandup
config.status:778: creating contrib/psset
config.status:778: creating Makefile
config.status:778: creating src/Makefile
config.status:778: creating doc/Makefile
config.status:778: creating man/Makefile
config.status:778: creating tests/Makefile
config.status:778: creating tests/defs
config.status:778: creating lib/Makefile
config.status:778: creating auxdir/Makefile
config.status:778: creating m4/Makefile
config.status:778: creating etc/Makefile
config.status:778: creating etc/a2ps_cfg
config.status:778: creating etc/a2ps-site.cfg
config.status:778: creating po/Makefile.in
config.status:913: WARNING:  po/Makefile.in.in seems to ignore the --datarootdir setting
config.status:778: creating sheets/Makefile
config.status:778: creating encoding/Makefile
config.status:778: creating ps/Makefile
config.status:778: creating afm/Makefile
config.status:778: creating contrib/Makefile
config.status:778: creating contrib/sample/Makefile
config.status:778: creating contrib/emacs/Makefile
config.status:778: creating fonts/Makefile
config.status:778: creating ppd/Makefile
config.status:778: creating config.h
config.status:1162: executing depfiles commands
config.status:1162: executing default-1 commands
configure:34611: === configuring in ogonkify (/home/yonghyun.kim/clean-tests/clean-a2ps/a2ps-4.14/ogonkify)
configure:34714: running /bin/sh ./configure '--prefix=/usr/local'  'CC=/home/juneyoung.lee/llvm-prototypes/llvm-install-3.7.0/bin/clang' 'CFLAGS=-save-temps' --cache-file=/dev/null --srcdir=.

## ---------------- ##
## Cache variables. ##
## ---------------- ##

ac_cv_build=x86_64-unknown-linux-gnu
ac_cv_c_backslash_a=yes
ac_cv_c_compiler_gnu=yes
ac_cv_c_const=yes
ac_cv_c_inline=inline
ac_cv_check_symbol_sys_siglist=yes
ac_cv_cxx_compiler_gnu=yes
ac_cv_env_CCC_set=
ac_cv_env_CCC_value=
ac_cv_env_CC_set=set
ac_cv_env_CC_value=/home/juneyoung.lee/llvm-prototypes/llvm-install-3.7.0/bin/clang
ac_cv_env_CFLAGS_set=set
ac_cv_env_CFLAGS_value=-save-temps
ac_cv_env_CPPFLAGS_set=
ac_cv_env_CPPFLAGS_value=
ac_cv_env_CPP_set=
ac_cv_env_CPP_value=
ac_cv_env_CXXCPP_set=
ac_cv_env_CXXCPP_value=
ac_cv_env_CXXFLAGS_set=
ac_cv_env_CXXFLAGS_value=
ac_cv_env_CXX_set=
ac_cv_env_CXX_value=
ac_cv_env_EMACSLOADPATH_set=
ac_cv_env_EMACSLOADPATH_value=
ac_cv_env_EMACS_set=
ac_cv_env_EMACS_value=
ac_cv_env_F77_set=
ac_cv_env_F77_value=
ac_cv_env_FFLAGS_set=
ac_cv_env_FFLAGS_value=
ac_cv_env_LDFLAGS_set=
ac_cv_env_LDFLAGS_value=
ac_cv_env_LIBS_set=
ac_cv_env_LIBS_value=
ac_cv_env_YACC_set=
ac_cv_env_YACC_value=
ac_cv_env_YFLAGS_set=
ac_cv_env_YFLAGS_value=
ac_cv_env_build_alias_set=
ac_cv_env_build_alias_value=
ac_cv_env_host_alias_set=
ac_cv_env_host_alias_value=
ac_cv_env_target_alias_set=
ac_cv_env_target_alias_value=
ac_cv_f77_compiler_gnu=no
ac_cv_func__doprnt=no
ac_cv_func_alarm=yes
ac_cv_func_alloca_works=yes
ac_cv_func_atexit=yes
ac_cv_func_bcopy=yes
ac_cv_func_bzero=yes
ac_cv_func_closedir_void=no
ac_cv_func_fnmatch_works=yes
ac_cv_func_getcwd=yes
ac_cv_func_gethostname=yes
ac_cv_func_getuid=yes
ac_cv_func_isascii=yes
ac_cv_func_iswprint=yes
ac_cv_func_mblen=yes
ac_cv_func_mbrlen=yes
ac_cv_func_mbsinit=yes
ac_cv_func_memcpy=yes
ac_cv_func_memset=yes
ac_cv_func_obstack=yes
ac_cv_func_psignal=yes
ac_cv_func_rename=yes
ac_cv_func_rename_works=yes
ac_cv_func_setlocale=yes
ac_cv_func_stpcpy=yes
ac_cv_func_stpncpy=yes
ac_cv_func_strcasecmp=yes
ac_cv_func_strchr=yes
ac_cv_func_strerror=yes
ac_cv_func_strerror_r=yes
ac_cv_func_strftime=yes
ac_cv_func_strncasecmp=yes
ac_cv_func_strsignal=yes
ac_cv_func_strtoul=yes
ac_cv_func_strtoumax=yes
ac_cv_func_tempnam=yes
ac_cv_func_tzset=yes
ac_cv_func_uname=yes
ac_cv_func_vprintf=yes
ac_cv_func_working_mktime=yes
ac_cv_have_decl_fputs=yes
ac_cv_have_decl_strlen=yes
ac_cv_have_decl_sys_siglist=yes
ac_cv_header_dirent_dirent_h=yes
ac_cv_header_dlfcn_h=yes
ac_cv_header_errno_h=yes
ac_cv_header_fcntl_h=yes
ac_cv_header_fnmatch_h=yes
ac_cv_header_inttypes_h=yes
ac_cv_header_limits_h=yes
ac_cv_header_malloc_h=yes
ac_cv_header_math_h=yes
ac_cv_header_memory_h=yes
ac_cv_header_minix_config_h=no
ac_cv_header_pwd_h=yes
ac_cv_header_stat_broken=no
ac_cv_header_stdarg_h=yes
ac_cv_header_stdbool_h=yes
ac_cv_header_stdc=yes
ac_cv_header_stddef_h=yes
ac_cv_header_stdint_h=yes
ac_cv_header_stdlib_h=yes
ac_cv_header_string_h=yes
ac_cv_header_strings_h=yes
ac_cv_header_sys_ioctl_h=yes
ac_cv_header_sys_stat_h=yes
ac_cv_header_sys_time_h=yes
ac_cv_header_sys_types_h=yes
ac_cv_header_sys_wait_h=yes
ac_cv_header_termios_h=yes
ac_cv_header_time=yes
ac_cv_header_unistd_h=yes
ac_cv_header_wchar_h=yes
ac_cv_header_wctype_h=yes
ac_cv_host=x86_64-unknown-linux-gnu
ac_cv_lib_cposix_strerror=no
ac_cv_lib_error_at_line=yes
ac_cv_lib_lex=
ac_cv_lib_paper_systempapername=no
ac_cv_member_struct_passwd_pw_gecos=yes
ac_cv_member_struct_tm_tm_zone=yes
ac_cv_objext=o
ac_cv_path_EGREP='/usr/bin/grep -E'
ac_cv_path_GMSGFMT=/usr/bin/msgfmt
ac_cv_path_GPERF=/usr/bin/gperf
ac_cv_path_GREP=/usr/bin/grep
ac_cv_path_M4=/usr/bin/m4
ac_cv_path_MSGFMT=/usr/bin/msgfmt
ac_cv_path_MSGMERGE=/usr/bin/msgmerge
ac_cv_path_PERL=/usr/bin/perl
ac_cv_path_XGETTEXT=/usr/bin/xgettext
ac_cv_path_file_prog=/usr/bin/file
ac_cv_path_install='/usr/bin/install -c'
ac_cv_prog_AWK=gawk
ac_cv_prog_COM_acroread=no
ac_cv_prog_COM_bzip2=yes
ac_cv_prog_COM_bzip=no
ac_cv_prog_COM_convert=yes
ac_cv_prog_COM_distill=no
ac_cv_prog_COM_dvips=yes
ac_cv_prog_COM_ghostview=no
ac_cv_prog_COM_grog=no
ac_cv_prog_COM_gv=no
ac_cv_prog_COM_gzip=yes
ac_cv_prog_COM_html2ps=no
ac_cv_prog_COM_latex=yes
ac_cv_prog_COM_makeinfo=no
ac_cv_prog_COM_netscape=no
ac_cv_prog_COM_pdf2ps=yes
ac_cv_prog_COM_ps2pdf=yes
ac_cv_prog_COM_psnup=no
ac_cv_prog_COM_psselect=no
ac_cv_prog_COM_tex=yes
ac_cv_prog_CPP='/home/juneyoung.lee/llvm-prototypes/llvm-install-3.7.0/bin/clang -E'
ac_cv_prog_CXXCPP='g++ -E'
ac_cv_prog_EMACS=emacs
ac_cv_prog_LEX='${SHELL} /home/yonghyun.kim/clean-tests/clean-a2ps/a2ps-4.14/auxdir/missing --run flex'
ac_cv_prog_YACC='bison -y'
ac_cv_prog_ac_ct_AR=ar
ac_cv_prog_ac_ct_CC=/home/juneyoung.lee/llvm-prototypes/llvm-install-3.7.0/bin/clang
ac_cv_prog_ac_ct_CXX=g++
ac_cv_prog_ac_ct_RANLIB=ranlib
ac_cv_prog_ac_ct_STRIP=strip
ac_cv_prog_cc_c89=
ac_cv_prog_cc_g=yes
ac_cv_prog_cxx_g=yes
ac_cv_prog_f77_g=no
ac_cv_prog_file_link_option=' -L'
ac_cv_prog_gnu_m4=yes
ac_cv_prog_lex_root=lex.yy
ac_cv_prog_lex_yytext_pointer=yes
ac_cv_prog_make_make_set=yes
ac_cv_search_getpwuid='none required'
ac_cv_search_opendir='none required'
ac_cv_struct_tm=time.h
ac_cv_type_mbstate_t=yes
ac_cv_type_pid_t=yes
ac_cv_type_signal=void
ac_cv_type_size_t=yes
ac_cv_type_uchar=no
ac_cv_type_unsigned_long_long=yes
ac_cv_working_alloca_h=yes
acl_cv_hardcode_direct=no
acl_cv_hardcode_libdir_flag_spec='${wl}-rpath ${wl}$libdir'
acl_cv_hardcode_libdir_separator=
acl_cv_hardcode_minus_L=no
acl_cv_libext=a
acl_cv_path_LD='/usr/bin/ld -m elf_x86_64'
acl_cv_prog_gnu_ld=yes
acl_cv_rpath=done
acl_cv_shlibext=so
acl_cv_sys_lib_dlsearch_path_spec='/lib /usr/lib'
acl_cv_sys_lib_search_path_spec='/lib /usr/lib /usr/local/lib'
acl_cv_wl=-Wl,
am_cv_CC_dependencies_compiler_type=gcc3
am_cv_CXX_dependencies_compiler_type=gcc3
am_cv_lispdir='${datadir}/emacs/site-lisp'
am_cv_prog_cc_stdc=
am_cv_sys_posix_termios=yes
am_cv_sys_tiocgwinsz_needs_sys_ioctl_h=yes
fp_cv_prog_echo_nonl=option
gt_cv_func_gnugettext2_libc=yes
jm_ac_cv_header_inttypes_h=yes
jm_ac_cv_header_stdint_h=yes
jm_cv_func_mbrtowc=yes
jm_cv_func_working_malloc=yes
jm_cv_func_working_realloc=yes
lt_cv_deplibs_check_method=pass_all
lt_cv_file_magic_cmd='$MAGIC_CMD'
lt_cv_file_magic_test_file=
lt_cv_ld_reload_flag=-r
lt_cv_objdir=.libs
lt_cv_path_LD=/usr/bin/ld
lt_cv_path_LDCXX='/usr/bin/ld -m elf_x86_64'
lt_cv_path_NM='/usr/bin/nm -B'
lt_cv_path_SED=/usr/bin/sed
lt_cv_prog_compiler_c_o=yes
lt_cv_prog_compiler_c_o_CXX=yes
lt_cv_prog_compiler_rtti_exceptions=yes
lt_cv_prog_gnu_ld=yes
lt_cv_prog_gnu_ldcxx=yes
lt_cv_sys_global_symbol_pipe='sed -n -e '\''s/^.*[ 	]\([ABCDGIRSTW][ABCDGIRSTW]*\)[ 	][ 	]*\([_A-Za-z][_A-Za-z0-9]*\)$/\1 \2 \2/p'\'''
lt_cv_sys_global_symbol_to_c_name_address='sed -n -e '\''s/^: \([^ ]*\) $/  {\"\1\", (lt_ptr) 0},/p'\'' -e '\''s/^[BCDEGRST] \([^ ]*\) \([^ ]*\)$/  {"\2", (lt_ptr) \&\2},/p'\'''
lt_cv_sys_global_symbol_to_cdecl='sed -n -e '\''s/^. .* \(.*\)$/extern int \1;/p'\'''
lt_cv_sys_max_cmd_len=1572864
lt_lt_cv_prog_compiler_c_o='"yes"'
lt_lt_cv_prog_compiler_c_o_CXX='"yes"'
lt_lt_cv_sys_global_symbol_pipe='"sed -n -e '\''s/^.*[ 	]\\([ABCDGIRSTW][ABCDGIRSTW]*\\)[ 	][ 	]*\\([_A-Za-z][_A-Za-z0-9]*\\)\$/\\1 \\2 \\2/p'\''"'
lt_lt_cv_sys_global_symbol_to_c_name_address='"sed -n -e '\''s/^: \\([^ ]*\\) \$/  {\\\"\\1\\\", (lt_ptr) 0},/p'\'' -e '\''s/^[BCDEGRST] \\([^ ]*\\) \\([^ ]*\\)\$/  {\"\\2\", (lt_ptr) \\&\\2},/p'\''"'
lt_lt_cv_sys_global_symbol_to_cdecl='"sed -n -e '\''s/^. .* \\(.*\\)\$/extern int \\1;/p'\''"'

## ----------------- ##
## Output variables. ##
## ----------------- ##

ACLOCAL='${SHELL} /home/yonghyun.kim/clean-tests/clean-a2ps/a2ps-4.14/auxdir/missing --run aclocal-1.9'
ALLOCA=''
AMDEPBACKSLASH='\'
AMDEP_FALSE='#'
AMDEP_TRUE=''
AMTAR='${SHELL} /home/yonghyun.kim/clean-tests/clean-a2ps/a2ps-4.14/auxdir/missing --run tar'
ANSI2KNR=''
AR='ar'
AUTOCONF='${SHELL} /home/yonghyun.kim/clean-tests/clean-a2ps/a2ps-4.14/auxdir/missing --run autoconf'
AUTOHEADER='${SHELL} /home/yonghyun.kim/clean-tests/clean-a2ps/a2ps-4.14/auxdir/missing --run autoheader'
AUTOMAKE='${SHELL} /home/yonghyun.kim/clean-tests/clean-a2ps/a2ps-4.14/auxdir/missing --run automake-1.9'
AWK='gawk'
CC='/home/juneyoung.lee/llvm-prototypes/llvm-install-3.7.0/bin/clang'
CCDEPMODE='depmode=gcc3'
CFLAGS='-save-temps '
COM_DISPLAY='#'
COM_LATEX=''
COM_PS2PDF=''
COM_PSUTILS='#'
COM_TEXI='#'
COM_acroread4='#'
COM_acroread='#'
COM_bzip2=''
COM_bzip='#'
COM_convert=''
COM_distill='#'
COM_dvips=''
COM_ghostview='#'
COM_grog='#'
COM_gv='#'
COM_gzip=''
COM_html2ps='#'
COM_latex=''
COM_makeinfo='#'
COM_netscape='#'
COM_pdf2ps=''
COM_ps2pdf=''
COM_psnup='#'
COM_psselect='#'
COM_tex=''
CPP='/home/juneyoung.lee/llvm-prototypes/llvm-install-3.7.0/bin/clang -E'
CPPFLAGS=''
CXX='g++'
CXXCPP='g++ -E'
CXXDEPMODE='depmode=gcc3'
CXXFLAGS='-g -O2'
CYGPATH_W='echo'
DEFS='-DHAVE_CONFIG_H'
DEPDIR='.deps'
ECHO='echo'
ECHO_C=''
ECHO_N='-n'
ECHO_T=''
EGREP='/usr/bin/grep -E'
EMACS='emacs'
EMACSLOADPATH=''
ENCODING='latin1'
EXEEXT=''
EXTENSIONS_FALSE='#'
EXTENSIONS_TRUE=''
EXTRA_CFLAGS=''
F77=''
FFLAGS=''
FILE_LINK='/usr/bin/file -L'
GMSGFMT='/usr/bin/msgfmt'
GNU_PACKAGE='GNU a2ps'
GPERF='/usr/bin/gperf'
GREP='/usr/bin/grep'
INSTALL_DATA='${INSTALL} -m 644'
INSTALL_PROGRAM='${INSTALL}'
INSTALL_SCRIPT='${INSTALL}'
INSTALL_STRIP_PROGRAM='${SHELL} $(install_sh) -c -s'
INTLLIBS=''
LDFLAGS=''
LEX='${SHELL} /home/yonghyun.kim/clean-tests/clean-a2ps/a2ps-4.14/auxdir/missing --run flex'
LEXLIB=''
LEX_OUTPUT_ROOT='lex.yy'
LIBICONV='-liconv'
LIBINTL=''
LIBOBJS=''
LIBS=''
LIBTOOL='$(SHELL) $(top_builddir)/libtool'
LIBVERSION='1:0:0'
LN_S='ln -s'
LPR='cat'
LPR_QUEUE_OPTION='>'
LTALLOCA=''
LTLIBICONV='-liconv'
LTLIBINTL=''
LTLIBOBJS=''
M4='/usr/bin/m4'
MAKEINFO='${SHELL} /home/yonghyun.kim/clean-tests/clean-a2ps/a2ps-4.14/auxdir/missing --run makeinfo'
MEDIUM='A4'
MKINSTALLDIRS='auxdir/mkinstalldirs'
MSGFMT='/usr/bin/msgfmt'
MSGMERGE='/usr/bin/msgmerge'
OBJEXT='o'
PACKAGE='a2ps'
PACKAGE_BUGREPORT='bug-a2ps@gnu.org'
PACKAGE_NAME='GNU a2ps'
PACKAGE_STRING='GNU a2ps 4.14'
PACKAGE_TARNAME='a2ps'
PACKAGE_VERSION='4.14'
PATH_SEPARATOR=':'
PERL='/usr/bin/perl'
POSUB='po'
PSFONT_PATH='/usr/local/ghostscript/fonts:/usr/local/share/ghostscript/fonts'
RANLIB='ranlib'
SED='/usr/bin/sed'
SET_MAKE=''
SHELL='/bin/sh'
STRIP='strip'
U=''
USE_NLS='yes'
VERSION='4.14'
XGETTEXT='/usr/bin/xgettext'
YACC='bison -y'
YFLAGS=''
ac_ct_CC='/home/juneyoung.lee/llvm-prototypes/llvm-install-3.7.0/bin/clang'
ac_ct_CXX='g++'
ac_ct_F77=''
acroread='acroread'
am__fastdepCC_FALSE='#'
am__fastdepCC_TRUE=''
am__fastdepCXX_FALSE='#'
am__fastdepCXX_TRUE=''
am__include='include'
am__leading_dot='.'
am__quote=''
am__tar='${AMTAR} chof - "$$tardir"'
am__untar='${AMTAR} xf -'
bindir='${exec_prefix}/bin'
build='x86_64-unknown-linux-gnu'
build_alias=''
build_cpu='x86_64'
build_os='linux-gnu'
build_vendor='unknown'
bzip2='bzip2'
bzip='bzip'
convert='convert'
datadir='${datarootdir}'
datarootdir='${prefix}/share'
distill='distill'
docdir='${datarootdir}/doc/${PACKAGE_TARNAME}'
dvidir='${docdir}'
dvips='dvips'
exec_prefix='${prefix}'
file_prog='/usr/bin/file'
ghostview='ghostview'
grog='grog'
gv='gv'
gzip='gzip'
host='x86_64-unknown-linux-gnu'
host_alias=''
host_cpu='x86_64'
host_os='linux-gnu'
host_vendor='unknown'
html2ps='html2ps'
htmldir='${docdir}'
includedir='${prefix}/include'
infodir='${datarootdir}/info'
install_sh='/home/yonghyun.kim/clean-tests/clean-a2ps/a2ps-4.14/auxdir/install-sh'
latex='latex'
libdir='${exec_prefix}/lib'
libexecdir='${exec_prefix}/libexec'
lispdir='${datadir}/emacs/site-lisp'
localedir='${datarootdir}/locale'
localstatedir='${prefix}/var'
makeinfo='makeinfo'
mandir='${datarootdir}/man'
mkdir_p='mkdir -p --'
netscape='netscape'
oldincludedir='/usr/include'
pdf2ps='pdf2ps'
pdfdir='${docdir}'
prefix='/usr/local'
program_transform_name='s,x,x,'
ps2pdf='ps2pdf'
psdir='${docdir}'
psnup='psnup'
psselect='psselect'
sbindir='${exec_prefix}/sbin'
sharedstatedir='${prefix}/com'
subdirs=' ogonkify'
sysconfdir='${prefix}/etc'
target_alias=''
tex='tex'

## ----------- ##
## confdefs.h. ##
## ----------- ##

#define PACKAGE_NAME "GNU a2ps"
#define PACKAGE_TARNAME "a2ps"
#define PACKAGE_VERSION "4.14"
#define PACKAGE_STRING "GNU a2ps 4.14"
#define PACKAGE_BUGREPORT "bug-a2ps@gnu.org"
#define PACKAGE "a2ps"
#define VERSION "4.14"
#define GNU_PACKAGE "GNU a2ps"
#define STDC_HEADERS 1
#define HAVE_SYS_TYPES_H 1
#define HAVE_SYS_STAT_H 1
#define HAVE_STDLIB_H 1
#define HAVE_STRING_H 1
#define HAVE_MEMORY_H 1
#define HAVE_STRINGS_H 1
#define HAVE_INTTYPES_H 1
#define HAVE_STDINT_H 1
#define HAVE_UNISTD_H 1
#define PROTOTYPES 1
#define YYTEXT_POINTER 1
#define HAVE_DLFCN_H 1
#define STDC_HEADERS 1
#define TIME_WITH_SYS_TIME 1
#define HAVE_SYS_WAIT_H 1
#define HAVE_DIRENT_H 1
#define HAVE_SYS_TIME_H 1
#define HAVE_SYS_STAT_H 1
#define HAVE_SYS_TYPES_H 1
#define HAVE_SYS_IOCTL_H 1
#define HAVE_MATH_H 1
#define HAVE_STRING_H 1
#define HAVE_STRINGS_H 1
#define HAVE_STDLIB_H 1
#define HAVE_UNISTD_H 1
#define HAVE_STDARG_H 1
#define HAVE_PWD_H 1
#define HAVE_MALLOC_H 1
#define HAVE_MEMORY_H 1
#define HAVE_ERRNO_H 1
#define HAVE_FCNTL_H 1
#define HAVE_STDBOOL_H 1
#define HAVE_FNMATCH_H 1
#define uchar unsigned char
#define RETSIGTYPE void
#define HAVE_STRUCT_PASSWD_PW_GECOS 1
#define HAVE_INTTYPES_H_WITH_UINTMAX 1
#define HAVE_UNSIGNED_LONG_LONG 1
#define HAVE_STDLIB_H 1
#define HAVE_STRTOUMAX 1
#define HAVE_STDINT_H_WITH_UINTMAX 1
#define HAVE_DECL_SYS_SIGLIST 1
#define HAVE_SYS_SIGLIST 1
#define HAVE_GETPWUID 1
#define HAVE_STPCPY 1
#define HAVE_STPNCPY 1
#define HAVE_STRTOUL 1
#define HAVE_MEMCPY 1
#define HAVE_MEMSET 1
#define HAVE_GETHOSTNAME 1
#define HAVE_GETUID 1
#define HAVE_STRCASECMP 1
#define HAVE_STRNCASECMP 1
#define HAVE_RENAME 1
#define HAVE_UNAME 1
#define HAVE_STRCHR 1
#define HAVE_STRERROR 1
#define HAVE_STRERROR_R 1
#define HAVE_GETCWD 1
#define HAVE_BCOPY 1
#define HAVE_BZERO 1
#define HAVE_TEMPNAM 1
#define HAVE_STRSIGNAL 1
#define HAVE_PSIGNAL 1
#define HAVE_SETLOCALE 1
#define HAVE_ATEXIT 1
#define HAVE_SYS_TIME_H 1
#define HAVE_UNISTD_H 1
#define HAVE_ALARM 1
#define HAVE_STRFTIME 1
#define HAVE_STRUCT_TM_TM_ZONE 1
#define HAVE_TM_ZONE 1
#define HAVE_TZSET 1
#define HAVE_MBLEN 1
#define HAVE_MBRLEN 1
#define HAVE_LIMITS_H 1
#define HAVE_VPRINTF 1
#define HAVE_OBSTACK 1
#define HAVE_ALLOCA_H 1
#define HAVE_ALLOCA 1
#define HAVE_DONE_WORKING_MALLOC_CHECK 1
#define HAVE_DONE_WORKING_REALLOC_CHECK 1
#define HAVE_ISASCII 1
#define HAVE_ISWPRINT 1
#define HAVE_MBSINIT 1
#define HAVE_MBRTOWC 1
#define HAVE_LIMITS_H 1
#define HAVE_STDDEF_H 1
#define HAVE_STDLIB_H 1
#define HAVE_STRING_H 1
#define HAVE_WCHAR_H 1
#define HAVE_WCTYPE_H 1
#define STDC_HEADERS 1
#define HAVE_C_BACKSLASH_A 1
#define HAVE_MBSTATE_T 1
#define PROTOTYPES 1
#define HAVE_FNMATCH 1
#define GWINSZ_IN_SYS_IOCTL 1
#define HAVE_TERMIOS_H 1
#define HAVE_SYS_TYPES_H 1
#define HAVE_UNISTD_H 1
#define HAVE_LIMITS_H 1
#define HAVE_DECL_FPUTS 1
#define HAVE_DECL_STRLEN 1
#define ENABLE_NLS 1
#define HAVE_GETTEXT 1
#define HAVE_DCGETTEXT 1
#define DIRECTORY_SEPARATOR '/'
#define PATH_SEPARATOR ':'
#define SYNTAX_TABLE 1

configure: exit 0
